 ***************************************************************************
  MINUIT RELEASE 95.03  INITIALIZED.   DIMENSIONS 100/ 50  EPSMAC=  0.89E-15
 ***************************************************************************
                          MINUIT DATA BLOCK NO.   1
 ***************************************************************************
 fitting the matrix elements                       
 ******************************************************************************

 PARAMETER DEFINITIONS:
    NO.   NAME         VALUE      STEP SIZE      LIMITS
     1 'd(1232)   '    1.7500      constant
     2 'n(1440)   '    17.000      0.30000         no limits
     3 'n(1520)   '   0.50000E-01  0.30000         no limits
     4 'n(1535)   '    2.2000      0.30000         no limits
     5 'n(1650)   '    1.0000      0.30000         no limits
     6 'n(1675)   '    3.6670      0.30000         no limits
     7 'n(1680)   '   0.33300      0.30000         no limits
     8 'n(1700)   '   0.50000      0.30000         no limits
     9 'n(1710)   '   0.50000      0.30000         no limits
    10 'n(1720)   '   0.50000      0.30000         no limits
    11 'n(2000)   '   0.50000      0.30000         no limits
    12 'n(2080)   '   0.50000      0.30000         no limits
    13 'n(2190)   '   0.50000      0.30000         no limits
    14 'n(2220)   '   0.50000      0.30000         no limits
    15 'n(2250)   '   0.50000      0.30000         no limits
    16 'd(1600)   '    2.5000      0.30000         no limits
    17 'd(1620)   '    1.7500      0.30000         no limits
    18 'd(1700)   '   0.87500      0.30000         no limits
    19 'd(1900)   '   0.58300      0.30000         no limits
    20 'd(1905)   '   0.58300      0.30000         no limits
    21 'd(1910)   '    1.0000      0.30000         no limits
    22 'd(1920)   '   0.87500      0.30000         no limits
    23 'd(1930)   '   0.87500      0.30000         no limits
    24 'd(1950)   '   0.87500      0.30000         no limits
    25 'pnperpp   '    2.0000      0.30000         no limits
    ***************************************************************************

 MINUIT: FIRST CALL TO USER FUNCTION, WITH IFLAG=1

 FCN=   2004.517     FROM PARAMETR  STATUS=RESET          2 CALLS        2 TOTAL
                     EDM= unknown      STRATEGY= 1      NO ERROR MATRIX       

  EXT PARAMETER               CURRENT GUESS      PHYSICAL LIMITS       
  NO.   NAME        VALUE          ERROR       NEGATIVE      POSITIVE  
   1   d(1232)      1.7500       constant   
   2   n(1440)      17.000       0.30000    
   3   n(1520)     0.50000E-01   0.30000    
   4   n(1535)      2.2000       0.30000    
   5   n(1650)      1.0000       0.30000    
   6   n(1675)      3.6670       0.30000    
   7   n(1680)     0.33300       0.30000    
   8   n(1700)     0.50000       0.30000    
   9   n(1710)     0.50000       0.30000    
  10   n(1720)     0.50000       0.30000    
  11   n(2000)     0.50000       0.30000    
  12   n(2080)     0.50000       0.30000    
  13   n(2190)     0.50000       0.30000    
  14   n(2220)     0.50000       0.30000    
  15   n(2250)     0.50000       0.30000    
  16   d(1600)      2.5000       0.30000    
  17   d(1620)      1.7500       0.30000    
  18   d(1700)     0.87500       0.30000    
  19   d(1900)     0.58300       0.30000    
  20   d(1905)     0.58300       0.30000    
  21   d(1910)      1.0000       0.30000    
  22   d(1920)     0.87500       0.30000    
  23   d(1930)     0.87500       0.30000    
  24   d(1950)     0.87500       0.30000    
  25   pnperpp      2.0000       0.30000    
 **********
 **    1 **FIX    1.000    
 **********
 PARAMETER   1 IS CONSTANT.      IGNORED.
 **********
 **    2 **SET EPS   0.1000E-04
 **********
 FLOATING-POINT NUMBERS ASSUMED ACCURATE TO   0.100E-04
 **********
 **    3 **MIGRAD 
 **********
 START MIGRAD MINIMIZATION.  STRATEGY 1.  CONVERGENCE WHEN EDM .LT. 0.10E-03

 FCN=   2004.517     FROM MIGRAD    STATUS=INITIATE     100 CALLS      102 TOTAL
                     EDM= unknown      STRATEGY= 1      NO ERROR MATRIX       

  EXT PARAMETER               CURRENT GUESS       STEP         FIRST   
  NO.   NAME        VALUE          ERROR          SIZE      DERIVATIVE 
   1   d(1232)      1.7500       constant   
   2   n(1440)      17.000       0.30000       0.30000        25.082    
   3   n(1520)     0.50000E-01   0.30000       0.30000        7.9615    
   4   n(1535)      2.2000       0.30000       0.30000        166.77    
   5   n(1650)      1.0000       0.30000       0.30000        120.17    
   6   n(1675)      3.6670       0.30000       0.30000        15.539    
   7   n(1680)     0.33300       0.30000       0.30000        56.436    
   8   n(1700)     0.50000       0.30000       0.30000        240.93    
   9   n(1710)     0.50000       0.30000       0.30000        369.77    
  10   n(1720)     0.50000       0.30000       0.30000        142.01    
  11   n(2000)     0.50000       0.30000       0.30000        155.39    
  12   n(2080)     0.50000       0.30000       0.30000        467.18    
  13   n(2190)     0.50000       0.30000       0.30000        16.223    
  14   n(2220)     0.50000       0.30000       0.30000        113.33    
  15   n(2250)     0.50000       0.30000       0.30000        250.04    
  16   d(1600)      2.5000       0.30000       0.30000        1.2181    
  17   d(1620)      1.7500       0.30000       0.30000      -0.38568    
  18   d(1700)     0.87500       0.30000       0.30000        4.5299    
  19   d(1900)     0.58300       0.30000       0.30000        2.3084    
  20   d(1905)     0.58300       0.30000       0.30000        11.291    
  21   d(1910)      1.0000       0.30000       0.30000        7.8154    
  22   d(1920)     0.87500       0.30000       0.30000        9.9189    
  23   d(1930)     0.87500       0.30000       0.30000      -0.34795    
  24   d(1950)     0.87500       0.30000       0.30000        1.4160    
  25   pnperpp      2.0000       0.30000       0.30000        529.87    
 EIGENVALUES OF SECOND-DERIVATIVE MATRIX:
        -0.1332E+01  0.8829E-01  0.5646E+00  0.9014E+00  0.1000E+01  0.1000E+01
         0.1006E+01  0.1007E+01  0.1027E+01  0.1038E+01  0.1046E+01  0.1047E+01
         0.1062E+01  0.1092E+01  0.1116E+01  0.1142E+01  0.1150E+01  0.1171E+01
         0.1201E+01  0.1245E+01  0.1290E+01  0.1605E+01  0.1678E+01  0.1854E+01
 MINUIT WARNING IN MIGRAD  
 ============== MATRIX FORCED POS-DEF BY ADDING   1.3334     TO DIAGONAL.
 MIGRAD FAILS TO FIND IMPROVEMENT
 MINUIT WARNING IN HESSE   
 ============== Negative diagonal element  6 in Error Matrix
 MINUIT WARNING IN HESSE   
 ==============     0.27E+02 added to diagonal of error matrix
 EIGENVALUES OF SECOND-DERIVATIVE MATRIX:
        -0.9865E+01 -0.7884E+00  0.3858E+00  0.5317E+00  0.6070E+00  0.6692E+00
         0.7749E+00  0.7880E+00  0.7960E+00  0.8237E+00  0.9041E+00  0.9148E+00
         0.9411E+00  0.9666E+00  0.9812E+00  0.9868E+00  0.9902E+00  0.9983E+00
         0.1064E+01  0.1086E+01  0.1227E+01  0.1404E+01  0.2042E+01  0.1477E+02
 MINUIT WARNING IN HESSE   
 ============== MATRIX FORCED POS-DEF BY ADDING   9.8793     TO DIAGONAL.

 FCN=   1639.934     FROM HESSE     STATUS=NOT POSDEF   401 CALLS      988 TOTAL
                     EDM=  0.35E+05    STRATEGY= 1      ERR MATRIX NOT POS-DEF

  EXT PARAMETER                APPROXIMATE        STEP         FIRST   
  NO.   NAME        VALUE          ERROR          SIZE      DERIVATIVE 
   1   d(1232)      1.7500       constant   
   2   n(1440)      14.783       0.11070        3.6862       -3.3093    
   3   n(1520)     0.12471E-01   0.12424        1.5229       0.14345    
   4   n(1535)      1.5511       0.28018E-01   0.41794       -6.9436    
   5   n(1650)    -0.13588       0.48673E-01   0.72172       -18.123    
   6   n(1675)      4.3948       0.15568        1.9466      -0.35218    
   7   n(1680)    -0.75843E-01    8.5113        1.0822        31.535    
   8   n(1700)    -0.84498       0.77826E-01   0.49308       -2.3596    
   9   n(1710)     0.15547       0.76300       0.56798       -137.91    
  10   n(1720)    -0.12408       0.53614E-01   0.65442       -8.4059    
  11   n(2000)    -0.54549       0.64557E-01   0.77143       -2.3658    
  12   n(2080)    -0.17202       0.22996E-01   0.30166       -36.684    
  13   n(2190)     0.22908E-01   0.13853        2.9074      -0.34003    
  14   n(2220)    -0.42378       0.76091E-01    1.1578        7.2007    
  15   n(2250)    -0.81619       0.74096E-01   0.61917       -14.552    
  16   d(1600)     -10.786       0.84783E-01    7.3606      -0.14930    
  17   d(1620)     0.84561       0.84511E-01    13.864       0.35316    
  18   d(1700)    -0.88143E-01   0.75240E-01    2.1957      -0.62389    
  19   d(1900)    -0.10777       0.81001E-01    4.1543      -0.28764    
  20   d(1905)    -0.41756E-01   0.68453E-01    1.6324      -0.93604    
  21   d(1910)     -4.6719       0.69188E-01    1.8848        1.4122    
  22   d(1920)    -0.59785E-01   0.59309E-01   0.97583        2.4788    
  23   d(1930)     0.21454       0.84028E-01    13.031       0.11965    
  24   d(1950)     -3.9673       0.82791E-01    5.4169       -1.4854    
  25   pnperpp      1.4379       0.74045E-01   0.29214       -23.933    
 MINUIT WARNING IN MIGRAD  
 ============== Negative diagonal element  6 in Error Matrix
 MINUIT WARNING IN MIGRAD  
 ============== Negative diagonal element  7 in Error Matrix
 MINUIT WARNING IN MIGRAD  
 ============== Negative diagonal element  8 in Error Matrix
 MINUIT WARNING IN MIGRAD  
 ============== Negative diagonal element 10 in Error Matrix
 MINUIT WARNING IN MIGRAD  
 ============== Negative diagonal element 11 in Error Matrix
 MINUIT WARNING IN MIGRAD  
 ============== Negative diagonal element 13 in Error Matrix
 MINUIT WARNING IN MIGRAD  
 ============== Negative diagonal element 14 in Error Matrix
 MINUIT WARNING IN MIGRAD  
 ==============     0.10E+01 added to diagonal of error matrix
 MIGRAD FAILS TO FIND IMPROVEMENT
 MIGRAD TERMINATED WITHOUT CONVERGENCE.

 FCN=   1562.018     FROM MIGRAD    STATUS=FAILED      1692 CALLS     1694 TOTAL
                     EDM=  0.28E+02    STRATEGY= 1      ERR MATRIX NOT POS-DEF

  EXT PARAMETER                APPROXIMATE        STEP         FIRST   
  NO.   NAME        VALUE          ERROR          SIZE      DERIVATIVE 
   1   d(1232)      1.7500       constant   
   2   n(1440)      18.579        1.3612        0.0000       -3.5945    
   3   n(1520)     0.36087E-01    1.0205        0.0000       0.52616    
   4   n(1535)      1.7869       0.12531        0.0000       -12.298    
   5   n(1650)     0.42095E-02   0.99963        0.0000       0.18187    
   6   n(1675)      5.1226       0.93383        0.0000        4.9745    
   7   n(1680)    -0.28658       0.41893        0.0000       -6.9117    
   8   n(1700)     0.60390E-01   0.11857        0.0000        9.7370    
   9   n(1710)      1.0091       0.11656        0.0000        17.616    
  10   n(1720)     0.24937E-01   0.97462        0.0000        1.1149    
  11   n(2000)     0.20745       0.71283        0.0000        8.6010    
  12   n(2080)     0.31781E-01   0.20047        0.0000        10.709    
  13   n(2190)    -0.20383E-03    1.0238        0.0000      -0.18004E-02
  14   n(2220)     0.14643       0.50162        0.0000        6.4633    
  15   n(2250)     0.64501E-01   0.30616        0.0000        6.6904    
  16   d(1600)     -11.015        1.0252        0.0000      -0.34537E-01
  17   d(1620)     0.72745        1.0248        0.0000       0.18300    
  18   d(1700)     0.64310E-02    1.0234        0.0000       0.35937E-01
  19   d(1900)    -0.51345E-01    1.0242        0.0000      -0.53293E-01
  20   d(1905)    -0.92333E-02    1.0229        0.0000      -0.60421E-01
  21   d(1910)     -6.0092       0.86523        0.0000        1.1552    
  22   d(1920)     0.24881E-01   0.95482        0.0000       0.81680    
  23   d(1930)     0.18280        1.0244        0.0000       0.54560E-01
  24   d(1950)     -2.2998        1.1224        0.0000       -3.7342    
  25   pnperpp      1.3879       0.16452        0.0000        30.993    

 EXTERNAL ERROR MATRIX.    NDIM=  50    NPAR= 24    ERR DEF=  1.00    
 ELEMENTS ABOVE DIAGONAL ARE NOT PRINTED.
  0.185E+01
 -0.116E-01 0.104E+01
  0.948E-02 0.243E-02 0.157E-01
  0.478E-01 0.762E-02-0.124E-01 0.999E+00
 -0.509E-01-0.114E-01 0.539E-01 0.184E-01 0.872E+00
 -0.202E-01 0.437E-01-0.864E-02-0.495E-01 0.112E+00 0.176E+00
  0.296E-01 0.701E-03-0.316E-02 0.124E-01-0.345E-02 0.203E-01 0.141E-01
  0.815E-01 0.178E-02 0.633E-02-0.284E-02 0.491E-01 0.100E-01 0.294E-02 0.136E-01
  0.648E-01 0.960E-02-0.169E-02-0.646E-01 0.233E-01-0.345E-01 0.148E-01-0.490E-02 0.950E+00
 -0.233E+00-0.177E-01 0.184E-01-0.139E-01-0.330E-01-0.174E+00-0.585E-01-0.306E-01-0.200E-01 0.508E+00
 -0.819E-01 0.480E-02-0.217E-02 0.404E-02 0.768E-01 0.488E-01 0.982E-02 0.285E-02-0.215E-01-0.927E-01 0.402E-01
 -0.860E-03-0.149E-03-0.196E-03 0.296E-04 0.276E-02 0.138E-03 0.422E-03-0.136E-03-0.115E-03-0.160E-02 0.354E-04
  0.105E+01
  0.213E-01-0.143E-02-0.649E-02-0.160E+00-0.543E-01 0.953E-01 0.183E-01 0.764E-02-0.239E+00-0.206E+00 0.399E-01
  0.240E-03 0.252E+00
  0.150E+00 0.730E-02 0.671E-02-0.250E-02 0.895E-01 0.656E-01 0.193E-01 0.259E-01-0.125E-01-0.165E+00 0.316E-01
  0.916E-03 0.658E-01 0.937E-01
 -0.575E-01-0.130E-02-0.861E-02 0.365E-02 0.676E-02 0.529E-02 0.193E-02-0.820E-02 0.547E-02-0.108E-02-0.447E-02
 -0.531E-04 0.178E-01-0.143E-01 0.105E+01
 -0.268E-01 0.179E-03 0.577E-03-0.167E-02 0.105E-03 0.773E-03-0.436E-03-0.124E-02-0.232E-02 0.533E-02 0.264E-02
 -0.326E-05-0.308E-02-0.216E-02 0.193E-02 0.105E+01
  0.766E-02 0.235E-03 0.119E-03 0.786E-03-0.811E-02 0.293E-02-0.835E-03-0.670E-03 0.976E-03 0.276E-02 0.424E-03
  0.308E-03 0.131E-02-0.234E-02-0.599E-04-0.248E-03 0.105E+01
  0.928E-02-0.305E-03-0.226E-03 0.104E-02-0.165E-02 0.895E-03 0.560E-03 0.446E-03 0.145E-02-0.290E-02-0.371E-03
  0.309E-04 0.136E-02 0.111E-02-0.731E-03-0.313E-03-0.327E-04 0.105E+01
 -0.150E-02 0.116E-02-0.181E-03-0.148E-02-0.408E-02-0.808E-02 0.581E-03-0.249E-03-0.190E-02 0.555E-02-0.830E-03
  0.248E-03-0.369E-03-0.159E-02 0.826E-03 0.549E-04-0.691E-03-0.888E-04 0.105E+01
 -0.226E+00-0.300E-01-0.350E-01 0.390E-01 0.707E-01 0.152E+00 0.177E-01-0.343E-01 0.556E-01-0.123E+00 0.820E-01
 -0.431E-02 0.498E-01-0.183E-01-0.516E-02 0.690E-02 0.104E-01-0.241E-02 0.156E-01 0.749E+00
 -0.146E+00-0.160E-01 0.263E-02 0.411E-01-0.502E-01-0.598E-01 0.201E-01 0.473E-02 0.641E-01-0.176E+00 0.544E-01
 -0.756E-03 0.770E-01 0.571E-01-0.299E-02 0.354E-02 0.877E-03-0.228E-02 0.399E-02-0.102E+00 0.912E+00
 -0.790E-02 0.372E-04 0.183E-03-0.321E-03-0.260E-03 0.279E-03-0.199E-03-0.285E-03-0.442E-03 0.161E-02 0.635E-03
 -0.202E-05-0.324E-03-0.557E-03 0.563E-03 0.247E-03-0.948E-04-0.960E-04 0.374E-05 0.221E-02 0.891E-03 0.105E+01
  0.448E+00-0.616E-02-0.205E-01 0.226E-01 0.445E-01-0.208E-01 0.684E-02 0.167E-01 0.321E-01-0.118E+00-0.179E-01
 -0.197E-02 0.294E-01 0.403E-01-0.348E-01-0.143E-01 0.858E-02 0.559E-02 0.275E-02-0.193E+00-0.695E-01-0.407E-02
  0.126E+01
 -0.833E-01-0.205E-02-0.101E-01-0.275E-02-0.116E+00-0.179E-01-0.241E-02-0.153E-01-0.983E-03 0.295E-01-0.907E-02
 -0.629E-03-0.464E-02-0.260E-01 0.171E-01 0.750E-03 0.659E-03-0.874E-04 0.172E-02 0.152E-01-0.102E-01 0.178E-03
 -0.784E-02 0.271E-01
 ERR MATRIX NOT POS-DEF

 PARAMETER  CORRELATION COEFFICIENTS
       NO.  GLOBAL     2     3     4     5     6     7     8     9    10    11    12    13    14    15    16    17
        2  0.87126  1.000-0.008 0.056 0.035-0.040-0.035 0.183 0.513 0.049-0.240-0.300-0.001 0.031 0.359-0.041-0.019
        3  0.19813 -0.008 1.000 0.019 0.007-0.012 0.102 0.006 0.015 0.010-0.024 0.023 0.000-0.003 0.023-0.001 0.000
        4  0.73772  0.056 0.019 1.000-0.099 0.460-0.164-0.213 0.433-0.014 0.206-0.087-0.002-0.103 0.175-0.067 0.004
        5  0.67040  0.035 0.007-0.099 1.000 0.020-0.118 0.105-0.024-0.066-0.020 0.020 0.000-0.320-0.008 0.004-0.002
        6  0.91909 -0.040-0.012 0.460 0.020 1.000 0.286-0.031 0.451 0.026-0.050 0.410 0.003-0.116 0.313 0.007 0.000
        7  0.82757 -0.035 0.102-0.164-0.118 0.286 1.000 0.408 0.206-0.085-0.581 0.581 0.000 0.453 0.511 0.012 0.002
        8  0.72465  0.183 0.006-0.213 0.105-0.031 0.408 1.000 0.212 0.128-0.692 0.413 0.003 0.308 0.531 0.016-0.004
        9  0.95082  0.513 0.015 0.433-0.024 0.451 0.206 0.212 1.000-0.043-0.369 0.122-0.001 0.131 0.726-0.069-0.010
       10  0.81693  0.049 0.010-0.014-0.066 0.026-0.085 0.128-0.043 1.000-0.029-0.110 0.000-0.490-0.042 0.005-0.002
       11  0.94573 -0.240-0.024 0.206-0.020-0.050-0.581-0.692-0.369-0.029 1.000-0.649-0.002-0.577-0.755-0.001 0.007
       12  0.94045 -0.300 0.023-0.087 0.020 0.410 0.581 0.413 0.122-0.110-0.649 1.000 0.000 0.397 0.514-0.022 0.013
       13  0.02179 -0.001 0.000-0.002 0.000 0.003 0.000 0.003-0.001 0.000-0.002 0.000 1.000 0.000 0.003 0.000 0.000
       14  0.90146  0.031-0.003-0.103-0.320-0.116 0.453 0.308 0.131-0.490-0.577 0.397 0.000 1.000 0.428 0.035-0.006
       15  0.94491  0.359 0.023 0.175-0.008 0.313 0.511 0.531 0.726-0.042-0.755 0.514 0.003 0.428 1.000-0.046-0.007
       16  0.30466 -0.041-0.001-0.067 0.004 0.007 0.012 0.016-0.069 0.005-0.001-0.022 0.000 0.035-0.046 1.000 0.002
       17  0.03266 -0.019 0.000 0.004-0.002 0.000 0.002-0.004-0.010-0.002 0.007 0.013 0.000-0.006-0.007 0.002 1.000
       18  0.04294  0.005 0.000 0.001 0.001-0.008 0.007-0.007-0.006 0.001 0.004 0.002 0.000 0.003-0.007 0.000 0.000
                    1.000 0.000-0.001 0.012 0.001 0.000 0.007 0.004
       19  0.01145  0.007 0.000-0.002 0.001-0.002 0.002 0.005 0.004 0.001-0.004-0.002 0.000 0.003 0.004-0.001 0.000
                    0.000 1.000 0.000-0.003-0.002 0.000 0.005-0.001
       20  0.05170 -0.001 0.001-0.001-0.001-0.004-0.019 0.005-0.002-0.002 0.008-0.004 0.000-0.001-0.005 0.001 0.000
                   -0.001 0.000 1.000 0.018 0.004 0.000 0.002 0.010
       21  0.79572 -0.192-0.034-0.322 0.045 0.087 0.420 0.172-0.340 0.066-0.199 0.473-0.005 0.115-0.069-0.006 0.008
                    0.012-0.003 0.018 1.000-0.123 0.002-0.199 0.107
       22  0.65124 -0.112-0.016 0.022 0.043-0.056-0.150 0.178 0.042 0.069-0.259 0.284-0.001 0.161 0.195-0.003 0.004
                    0.001-0.002 0.004-0.123 1.000 0.001-0.065-0.065
       23  0.00882 -0.006 0.000 0.001 0.000 0.000 0.001-0.002-0.002 0.000 0.002 0.003 0.000-0.001-0.002 0.001 0.000
                    0.000 0.000 0.000 0.002 0.001 1.000-0.004 0.001
       24  0.55585  0.293-0.005-0.146 0.020 0.042-0.044 0.051 0.127 0.029-0.147-0.080-0.002 0.052 0.117-0.030-0.012
                    0.007 0.005 0.002-0.199-0.065-0.004 1.000-0.042
       25  0.95843 -0.372-0.012-0.489-0.017-0.754-0.260-0.124-0.800-0.006 0.252-0.275-0.004-0.056-0.515 0.101 0.004
                    0.004-0.001 0.010 0.107-0.065 0.001-0.042 1.000
 ERR MATRIX NOT POS-DEF
 **********
 **    4 **SIMPLEX 
 **********
 START SIMPLEX MINIMIZATION.    CONVERGENCE WHEN EDM .LT.  0.10E+00

 FCN=   1550.234     FROM SIMPLEX   STATUS=PROGRESS      64 CALLS     1758 TOTAL
                     EDM=  0.16E+02    STRATEGY= 1      ERR MATRIX NOT POS-DEF

  EXT PARAMETER                APPROXIMATE        STEP         FIRST   
  NO.   NAME        VALUE          ERROR          SIZE      DERIVATIVE 
   1   d(1232)      1.7500       constant   
   2   n(1440)      19.940        1.3612        1.3612       -3.5945    
   3   n(1520)      1.0566        1.0205        1.0205       0.52616    
   4   n(1535)      1.9122       0.12531       0.12531       -12.298    
   5   n(1650)     0.16415       0.99963       0.15994       0.18187    
   6   n(1675)      3.6285       0.93383        1.4941        4.9745    
   7   n(1680)     0.13235       0.41893       0.41893       -6.9117    
   8   n(1700)     0.60390E-01   0.11857       0.11857        9.7370    
   9   n(1710)      1.0091       0.11656       0.46623E-01    17.616    
  10   n(1720)     0.24937E-01   0.97462       0.38985        1.1149    
  11   n(2000)     0.20745       0.71283       0.28513        8.6010    
  12   n(2080)     0.31781E-01   0.20047       0.80189E-01    10.709    
  13   n(2190)    -0.20383E-03    1.0238       0.16381      -0.18004E-02
  14   n(2220)     0.14643       0.50162       0.20065        6.4633    
  15   n(2250)     0.64501E-01   0.30616       0.12246        6.6904    
  16   d(1600)     -11.015        1.0252        1.0252      -0.34537E-01
  17   d(1620)     0.72745        1.0248        1.0248       0.18300    
  18   d(1700)     0.64310E-02    1.0234       0.16374       0.35937E-01
  19   d(1900)    -0.51345E-01    1.0242       0.16388      -0.53293E-01
  20   d(1905)    -0.92333E-02    1.0229       0.16366      -0.60421E-01
  21   d(1910)     -6.0092       0.86523       0.86523        1.1552    
  22   d(1920)     0.24881E-01   0.95482       0.38193       0.81680    
  23   d(1930)     0.18280        1.0244        1.0244       0.54560E-01
  24   d(1950)     -2.2998        1.1224        1.1224       -3.7342    
  25   pnperpp      1.3879       0.16452       0.65808E-01    30.993    
 SIMPLEX MINIMIZATION HAS CONVERGED.

 FCN=   1535.854     FROM SIMPLEX   STATUS=PROGRESS     970 CALLS     2664 TOTAL
                     EDM=  0.15E+00    STRATEGY= 1      ERR MATRIX NOT POS-DEF

  EXT PARAMETER                APPROXIMATE        STEP         FIRST   
  NO.   NAME        VALUE          ERROR          SIZE      DERIVATIVE 
   1   d(1232)      1.7500       constant   
   2   n(1440)      20.654        1.3612       0.23290       -3.5945    
   3   n(1520)     0.96976        1.0205       0.11093       0.52616    
   4   n(1535)      1.7486       0.12531       0.23592E-01   -12.298    
   5   n(1650)     0.51881E-01   0.99963       0.12504E-01   0.18187    
   6   n(1675)      3.8896       0.93383       0.15169        4.9745    
   7   n(1680)    -0.26691       0.41893       0.47063E-01   -6.9117    
   8   n(1700)    -0.41236E-02   0.11857       0.56955E-02    9.7370    
   9   n(1710)      1.0174       0.11656       0.39904E-02    17.616    
  10   n(1720)    -0.72161E-03   0.97462       0.18559E-01    1.1149    
  11   n(2000)     0.56894       0.71283       0.59440E-01    8.6010    
  12   n(2080)     0.29250E-03   0.20047       0.48252E-02    10.709    
  13   n(2190)     0.19704        1.0238       0.43565E-01  -0.18004E-02
  14   n(2220)     0.19205E-03   0.50162       0.11673E-01    6.4633    
  15   n(2250)     0.43410E-03   0.30616       0.52769E-02    6.6904    
  16   d(1600)     -10.561        1.0252       0.56665E-01  -0.34537E-01
  17   d(1620)     0.44306        1.0248       0.13740       0.18300    
  18   d(1700)     0.87375E-01    1.0234       0.13562E-01   0.35937E-01
  19   d(1900)    -0.11902        1.0242       0.28554E-01  -0.53293E-01
  20   d(1905)     0.17843E-02    1.0229       0.26944E-01  -0.60421E-01
  21   d(1910)     -5.9758       0.86523       0.18195        1.1552    
  22   d(1920)    -0.54364E-01   0.95482       0.59402E-01   0.81680    
  23   d(1930)     0.45648        1.0244       0.10756       0.54560E-01
  24   d(1950)    -0.55156        1.1224       0.30016       -3.7342    
  25   pnperpp      1.3408       0.16452       0.79996E-02    30.993    
 **********
 **    5 **HESSE 
 **********
 EIGENVALUES OF SECOND-DERIVATIVE MATRIX:
        -0.4245E+00 -0.1567E+00 -0.5727E-01 -0.2564E-01 -0.8091E-02  0.6170E-01
         0.7981E-01  0.1299E+00  0.1430E+00  0.1480E+00  0.1916E+00  0.2246E+00
         0.2504E+00  0.3568E+00  0.3652E+00  0.5499E+00  0.7455E+00  0.9896E+00
         0.1202E+01  0.1516E+01  0.2218E+01  0.3059E+01  0.3904E+01  0.8538E+01
 MINUIT WARNING IN HESSE   
 ============== MATRIX FORCED POS-DEF BY ADDING  0.43306     TO DIAGONAL.

 FCN=   1535.854     FROM HESSE     STATUS=NOT POSDEF   421 CALLS     3085 TOTAL
                     EDM=  0.75E+01    STRATEGY= 1      ERR MATRIX NOT POS-DEF

  EXT PARAMETER                APPROXIMATE     INTERNAL      INTERNAL  
  NO.   NAME        VALUE          ERROR       STEP SIZE       VALUE   
   1   d(1232)      1.7500       constant   
   2   n(1440)      20.654        1.0124        3.5883        20.654    
   3   n(1520)     0.96976        3.0315        3.7968       0.96976    
   4   n(1535)      1.7486       0.80179E-01   0.40790        1.7486    
   5   n(1650)     0.51881E-01   0.20256        1.5375       0.51881E-01
   6   n(1675)      3.8896       0.61709        1.8982        3.8896    
   7   n(1680)    -0.26691       0.37863        1.3038      -0.26691    
   8   n(1700)    -0.41236E-02   0.18494       0.96058      -0.41236E-02
   9   n(1710)      1.0174       0.85029E-01   0.23699        1.0174    
  10   n(1720)    -0.72161E-03   0.23995        1.0704      -0.72161E-03
  11   n(2000)     0.56894       0.75990        1.8231       0.56894    
  12   n(2080)     0.29250E-03   0.11975       0.39799       0.29250E-03
  13   n(2190)     0.19704        1.0443        5.1805       0.19704    
  14   n(2220)     0.19205E-03   0.22616        1.6372       0.19205E-03
  15   n(2250)     0.43410E-03   0.12195       0.96223       0.43410E-03
  16   d(1600)     -10.561        1.8549        7.2082       -10.561    
  17   d(1620)     0.44306        5.2491        24.097       0.44306    
  18   d(1700)     0.87375E-01   0.98266        5.3203       0.87375E-01
  19   d(1900)    -0.11902        2.0393        10.117      -0.11902    
  20   d(1905)     0.17843E-02   0.93225        3.0697       0.17843E-02
  21   d(1910)     -5.9758       0.55456        1.8404       -5.9758    
  22   d(1920)    -0.54364E-01   0.36179        2.6791      -0.54364E-01
  23   d(1930)     0.45648        3.4823        26.854       0.45648    
  24   d(1950)    -0.55156        1.1771        9.6467      -0.55156    
  25   pnperpp      1.3408       0.24664       0.53382        1.3408    

 EXTERNAL ERROR MATRIX.    NDIM=  50    NPAR= 24    ERR DEF=  1.00    
 ELEMENTS ABOVE DIAGONAL ARE NOT PRINTED.
  0.103E+01
  0.313E-01 0.919E+01
 -0.381E-03 0.174E-01 0.643E-02
 -0.281E-01-0.161E+00-0.145E-02 0.410E-01
 -0.749E-01-0.106E+01-0.312E-02 0.253E-01 0.381E+00
  0.188E-02 0.607E+00 0.213E-02-0.104E-01-0.766E-01 0.143E+00
  0.118E-01 0.421E+00-0.117E-02-0.949E-02-0.483E-01 0.257E-01 0.342E-01
  0.880E-02 0.174E+00 0.840E-03-0.363E-02-0.155E-01 0.766E-02 0.610E-02 0.723E-02
 -0.387E-01-0.487E+00-0.204E-03 0.793E-03 0.561E-01-0.316E-01-0.212E-01-0.929E-02 0.576E-01
 -0.257E-01-0.213E+01-0.581E-02 0.483E-01 0.248E+00-0.153E+00-0.110E+00-0.416E-01 0.107E+00 0.577E+00
 -0.111E-01 0.291E+00 0.721E-03-0.751E-02-0.313E-01 0.199E-01 0.138E-01 0.546E-02-0.167E-01-0.791E-01 0.143E-01
  0.104E+00 0.232E+01 0.666E-02-0.363E-01-0.339E+00 0.153E+00 0.103E+00 0.377E-01-0.125E+00-0.547E+00 0.746E-01
  0.109E+01
  0.374E-01 0.188E+00 0.720E-03-0.442E-02-0.173E-01 0.134E-01 0.702E-02 0.809E-03-0.113E-01-0.552E-01 0.736E-02
  0.250E-01 0.511E-01
 -0.655E-02-0.169E-01 0.169E-03-0.247E-02 0.423E-02-0.608E-03-0.151E-02-0.120E-02-0.304E-02 0.459E-02-0.129E-02
 -0.127E-01-0.316E-02 0.149E-01
  0.779E-01 0.116E+01 0.229E-02-0.288E-01 0.618E-01 0.774E-01 0.645E-01 0.228E-01-0.610E-01-0.316E+00 0.427E-01
  0.451E+00 0.307E-01-0.153E-02 0.344E+01
 -0.315E+00-0.126E+02-0.236E-01 0.208E+00 0.127E+01-0.881E+00-0.559E+00-0.236E+00 0.670E+00 0.280E+01-0.374E+00
 -0.319E+01-0.286E+00 0.192E-01-0.363E-01 0.276E+02
  0.124E-01-0.186E+01-0.296E-02 0.267E-01 0.202E+00-0.115E+00-0.803E-01-0.336E-01 0.875E-01 0.405E+00-0.549E-01
 -0.468E+00-0.435E-01-0.134E-03-0.159E-01 0.237E+01 0.966E+00
 -0.172E-02-0.470E+01-0.797E-02 0.705E-01 0.549E+00-0.306E+00-0.200E+00-0.855E-01 0.235E+00 0.101E+01-0.135E+00
 -0.115E+01-0.108E+00 0.311E-02-0.863E+00 0.582E+01 0.743E+00 0.416E+01
  0.303E-01-0.243E+01-0.393E-02 0.378E-01 0.276E+00-0.153E+00-0.103E+00-0.438E-01 0.121E+00 0.516E+00-0.691E-01
 -0.604E+00-0.562E-01 0.137E-02-0.289E+00 0.309E+01 0.436E+00 0.112E+01 0.869E+00
  0.149E-01-0.356E+00-0.542E-03 0.774E-02 0.342E-01-0.232E-01-0.147E-01-0.640E-02 0.208E-01 0.700E-01-0.892E-02
 -0.920E-01-0.814E-02 0.113E-02 0.104E-01 0.371E+00 0.202E+00 0.264E+00 0.824E-01 0.308E+00
 -0.137E-01 0.408E+00 0.623E-03-0.779E-02-0.420E-01 0.266E-01 0.169E-01 0.740E-02-0.228E-01-0.814E-01 0.105E-01
  0.103E+00 0.940E-02-0.159E-02 0.222E-01-0.454E+00-0.158E+00-0.249E+00-0.950E-01 0.516E-01 0.131E+00
 -0.214E+00-0.345E+01-0.906E-02 0.568E-01 0.234E+00-0.263E+00-0.155E+00-0.584E-01 0.196E+00 0.801E+00-0.106E+00
 -0.118E+01-0.930E-01 0.179E-01 0.843E+00 0.220E+01 0.839E+00 0.172E+01 0.968E+00 0.709E-01-0.115E+00 0.121E+02
 -0.132E+00 0.179E+00-0.603E-03-0.369E-02-0.491E-01-0.888E-02 0.256E-02 0.241E-02-0.281E-02-0.421E-02 0.459E-03
 -0.808E-02 0.302E-02-0.130E-03 0.114E+00-0.755E+00-0.130E+00-0.209E+00-0.122E-01 0.944E-01-0.678E-01-0.103E+01
  0.139E+01
 -0.363E-01-0.708E+00-0.156E-02 0.114E-01 0.709E-01-0.519E-01-0.327E-01-0.138E-01 0.384E-01 0.165E+00-0.221E-01
 -0.199E+00-0.183E-01 0.577E-03-0.108E+00 0.997E+00 0.145E+00 0.363E+00 0.188E+00 0.275E-01-0.315E-01 0.286E+00
 -0.564E-02 0.608E-01
 ERR MATRIX NOT POS-DEF

 PARAMETER  CORRELATION COEFFICIENTS
       NO.  GLOBAL     2     3     4     5     6     7     8     9    10    11    12    13    14    15    16    17
        2  0.72878  1.000 0.010-0.005-0.137-0.120 0.005 0.063 0.102-0.159-0.033-0.092 0.099 0.163-0.053 0.041-0.059
        3  0.99467  0.010 1.000 0.072-0.263-0.566 0.529 0.751 0.674-0.669-0.924 0.801 0.734 0.275-0.046 0.206-0.792
        4  0.29409 -0.005 0.072 1.000-0.089-0.063 0.070-0.079 0.123-0.011-0.095 0.075 0.080 0.040 0.017 0.015-0.056
        5  0.60332 -0.137-0.263-0.089 1.000 0.202-0.135-0.253-0.211 0.016 0.314-0.309-0.172-0.096-0.100-0.077 0.195
        6  0.80514 -0.120-0.566-0.063 0.202 1.000-0.328-0.423-0.295 0.379 0.529-0.424-0.526-0.124 0.056 0.054 0.393
        7  0.71054  0.005 0.529 0.070-0.135-0.328 1.000 0.367 0.238-0.347-0.531 0.438 0.386 0.157-0.013 0.110-0.443
        8  0.87674  0.063 0.751-0.079-0.253-0.423 0.367 1.000 0.388-0.477-0.783 0.624 0.531 0.168-0.067 0.188-0.576
        9  0.84417  0.102 0.674 0.123-0.211-0.295 0.238 0.388 1.000-0.455-0.644 0.536 0.424 0.042-0.116 0.145-0.529
       10  0.83188 -0.159-0.669-0.011 0.016 0.379-0.347-0.477-0.455 1.000 0.588-0.580-0.497-0.209-0.104-0.137 0.532
       11  0.97926 -0.033-0.924-0.095 0.314 0.529-0.531-0.783-0.644 0.588 1.000-0.869-0.689-0.321 0.050-0.224 0.703
       12  0.91299 -0.092 0.801 0.075-0.309-0.424 0.438 0.624 0.536-0.580-0.869 1.000 0.596 0.272-0.088 0.192-0.594
       13  0.89042  0.099 0.734 0.080-0.172-0.526 0.386 0.531 0.424-0.497-0.689 0.596 1.000 0.106-0.100 0.233-0.581
       14  0.72725  0.163 0.275 0.040-0.096-0.124 0.157 0.168 0.042-0.209-0.321 0.272 0.106 1.000-0.114 0.073-0.241
       15  0.61696 -0.053-0.046 0.017-0.100 0.056-0.013-0.067-0.116-0.104 0.050-0.088-0.100-0.114 1.000-0.007 0.030
       16  0.68119  0.041 0.206 0.015-0.077 0.054 0.110 0.188 0.145-0.137-0.224 0.192 0.233 0.073-0.007 1.000-0.004
       17  0.90976 -0.059-0.792-0.056 0.195 0.393-0.443-0.576-0.529 0.532 0.703-0.594-0.581-0.241 0.030-0.004 1.000
       18  0.88466  0.013-0.623-0.038 0.134 0.333-0.308-0.442-0.403 0.371 0.543-0.466-0.456-0.196-0.001-0.009 0.459
                    1.000 0.371 0.476 0.371-0.445 0.245-0.113 0.598
       19  0.88949 -0.001-0.760-0.049 0.171 0.436-0.396-0.531-0.493 0.481 0.651-0.553-0.539-0.233 0.013-0.228 0.543
                    0.371 1.000 0.590 0.233-0.338 0.242-0.087 0.722
       20  0.92813  0.032-0.860-0.053 0.200 0.480-0.433-0.597-0.552 0.540 0.729-0.619-0.620-0.267 0.012-0.167 0.631
                    0.476 0.590 1.000 0.159-0.282 0.298-0.011 0.816
       21  0.78164  0.027-0.212-0.012 0.069 0.100-0.110-0.143-0.136 0.157 0.166-0.134-0.159-0.065 0.017 0.010 0.128
                    0.371 0.233 0.159 1.000 0.257 0.037 0.145 0.201
       22  0.80611 -0.037 0.372 0.021-0.106-0.188 0.194 0.253 0.241-0.263-0.296 0.242 0.273 0.115-0.036 0.033-0.239
                   -0.445-0.338-0.282 0.257 1.000-0.091-0.159-0.353
       23  0.70416 -0.061-0.327-0.032 0.080 0.109-0.199-0.241-0.197 0.235 0.303-0.255-0.324-0.118 0.042 0.131 0.120
                    0.245 0.242 0.298 0.037-0.091 1.000-0.251 0.332
       24  0.70150 -0.110 0.050-0.006-0.015-0.068-0.020 0.012 0.024-0.010-0.005 0.003-0.007 0.011-0.001 0.052-0.122
                   -0.113-0.087-0.011 0.145-0.159-0.251 1.000-0.019
       25  0.98091 -0.145-0.947-0.079 0.227 0.466-0.555-0.717-0.658 0.649 0.879-0.749-0.773-0.327 0.019-0.237 0.770
                    0.598 0.722 0.816 0.201-0.353 0.332-0.019 1.000
 ERR MATRIX NOT POS-DEF
 **********
 **    6 **RETURN 
 **********

 CALL TO USER FUNCTION WITH IFLAG = 3

 ..........MINUIT TERMINATED AND RETURNS TO USER PROGRAM.            
