 # (omega,eta,kaon) + n(L) -> elastic amplitude
 # cm energy window: srtmin=1.400 GeV; srtmax=1.900 GeV; momentum cutoff=500.000 GeV/c)
 # min energy for S wave pi N scatt.  1.2
 # Delta pi with Delta width is included
 # with delta formfactor
 # Lambda-K^o included in the fit
 # Sigma+ K^+ included in the fit
 # in d33 1 delta chan.
 # uniform scaling energy dependence
 # Constraint in the S31 rhoN -1
 # Constraint in the K crosssec
 # No Suppress of couplings > 100
 # omega m-dep. width included
 # min. exp. errorbar for amplitude set to  0.1
 # min.phasesh.abs.errorbar set to  1.
 # errorbars in s31phase multiplied with  0.5
 # max energy for omega prod.  1.798
 # min energy for omega prod.  1.73
 # max energy for rho prod.  1.8
 # max energy for Lambda K prod.  1.68
 # max energy for Sigma K prod.  1.9

# x: srt [GeV]
# y: amplitude [?]

#  7th best fit with chisq=    946.03
# elastic:                omega+n                       eta+n              K^0+Lambda   
#  srt     Re(T11)   Im(T11)   Re(T13)   Im(T13)   Re(T11)   Im(T11)   Re(T11)   Im(T11)
  1.079  0.411E+02  0.581E+00  0.516E+02  0.246E-06  0.335E+01  0.440E+00  0.487E+02  0.430E+00
  1.080  0.411E+02  0.822E+00  0.517E+02  0.141E-05  0.331E+01  0.622E+00  0.487E+02  0.608E+00
  1.081  0.412E+02  0.101E+01  0.519E+02  0.392E-05  0.328E+01  0.761E+00  0.487E+02  0.743E+00
  1.082  0.413E+02  0.116E+01  0.520E+02  0.813E-05  0.325E+01  0.877E+00  0.487E+02  0.857E+00
  1.083  0.413E+02  0.130E+01  0.522E+02  0.144E-04  0.322E+01  0.980E+00  0.488E+02  0.956E+00
  1.084  0.414E+02  0.143E+01  0.523E+02  0.229E-04  0.319E+01  0.107E+01  0.488E+02  0.105E+01
  1.085  0.414E+02  0.154E+01  0.525E+02  0.341E-04  0.315E+01  0.116E+01  0.488E+02  0.113E+01
  1.086  0.415E+02  0.165E+01  0.526E+02  0.481E-04  0.312E+01  0.124E+01  0.489E+02  0.120E+01
  1.087  0.415E+02  0.175E+01  0.527E+02  0.653E-04  0.309E+01  0.131E+01  0.489E+02  0.127E+01
  1.088  0.416E+02  0.185E+01  0.529E+02  0.859E-04  0.306E+01  0.138E+01  0.489E+02  0.134E+01
  1.089  0.416E+02  0.194E+01  0.530E+02  0.110E-03  0.302E+01  0.145E+01  0.489E+02  0.140E+01
  1.090  0.417E+02  0.202E+01  0.532E+02  0.138E-03  0.299E+01  0.151E+01  0.490E+02  0.146E+01
  1.091  0.417E+02  0.211E+01  0.533E+02  0.171E-03  0.296E+01  0.157E+01  0.490E+02  0.152E+01
  1.092  0.418E+02  0.219E+01  0.535E+02  0.208E-03  0.293E+01  0.163E+01  0.490E+02  0.157E+01
  1.093  0.419E+02  0.227E+01  0.536E+02  0.250E-03  0.290E+01  0.168E+01  0.491E+02  0.163E+01
  1.094  0.419E+02  0.234E+01  0.538E+02  0.297E-03  0.286E+01  0.173E+01  0.491E+02  0.168E+01
  1.095  0.420E+02  0.241E+01  0.539E+02  0.349E-03  0.283E+01  0.179E+01  0.491E+02  0.173E+01
  1.096  0.420E+02  0.249E+01  0.541E+02  0.407E-03  0.280E+01  0.184E+01  0.492E+02  0.177E+01
  1.097  0.421E+02  0.255E+01  0.542E+02  0.471E-03  0.277E+01  0.188E+01  0.492E+02  0.182E+01
  1.098  0.421E+02  0.262E+01  0.544E+02  0.542E-03  0.273E+01  0.193E+01  0.492E+02  0.186E+01
  1.099  0.422E+02  0.269E+01  0.545E+02  0.618E-03  0.270E+01  0.198E+01  0.492E+02  0.190E+01
  1.100  0.422E+02  0.275E+01  0.547E+02  0.702E-03  0.267E+01  0.202E+01  0.493E+02  0.194E+01
  1.101  0.423E+02  0.282E+01  0.548E+02  0.793E-03  0.264E+01  0.206E+01  0.493E+02  0.198E+01
  1.102  0.423E+02  0.288E+01  0.550E+02  0.892E-03  0.261E+01  0.210E+01  0.493E+02  0.202E+01
  1.103  0.424E+02  0.294E+01  0.551E+02  0.998E-03  0.258E+01  0.215E+01  0.494E+02  0.206E+01
  1.104  0.425E+02  0.300E+01  0.553E+02  0.111E-02  0.254E+01  0.219E+01  0.494E+02  0.210E+01
  1.105  0.425E+02  0.305E+01  0.554E+02  0.124E-02  0.251E+01  0.222E+01  0.494E+02  0.213E+01
  1.106  0.426E+02  0.311E+01  0.556E+02  0.137E-02  0.248E+01  0.226E+01  0.495E+02  0.217E+01
  1.107  0.426E+02  0.317E+01  0.558E+02  0.151E-02  0.245E+01  0.230E+01  0.495E+02  0.220E+01
  1.108  0.427E+02  0.322E+01  0.559E+02  0.166E-02  0.242E+01  0.234E+01  0.495E+02  0.223E+01
  1.109  0.427E+02  0.328E+01  0.561E+02  0.182E-02  0.238E+01  0.237E+01  0.496E+02  0.226E+01
  1.110  0.428E+02  0.333E+01  0.562E+02  0.199E-02  0.235E+01  0.241E+01  0.496E+02  0.230E+01
  1.111  0.429E+02  0.338E+01  0.564E+02  0.218E-02  0.232E+01  0.244E+01  0.496E+02  0.233E+01
  1.112  0.429E+02  0.343E+01  0.565E+02  0.237E-02  0.229E+01  0.247E+01  0.496E+02  0.236E+01
  1.113  0.430E+02  0.349E+01  0.567E+02  0.258E-02  0.226E+01  0.251E+01  0.497E+02  0.239E+01
  1.114  0.430E+02  0.354E+01  0.569E+02  0.279E-02  0.223E+01  0.254E+01  0.497E+02  0.241E+01
  1.115  0.431E+02  0.359E+01  0.570E+02  0.302E-02  0.220E+01  0.257E+01  0.497E+02  0.244E+01
  1.116  0.431E+02  0.363E+01  0.572E+02  0.326E-02  0.216E+01  0.260E+01  0.498E+02  0.247E+01
  1.117  0.432E+02  0.368E+01  0.574E+02  0.352E-02  0.213E+01  0.263E+01  0.498E+02  0.250E+01
  1.118  0.433E+02  0.373E+01  0.575E+02  0.379E-02  0.210E+01  0.266E+01  0.498E+02  0.252E+01
  1.119  0.433E+02  0.378E+01  0.577E+02  0.407E-02  0.207E+01  0.269E+01  0.499E+02  0.255E+01
  1.120  0.434E+02  0.382E+01  0.579E+02  0.437E-02  0.204E+01  0.272E+01  0.499E+02  0.257E+01
  1.121  0.434E+02  0.387E+01  0.580E+02  0.469E-02  0.201E+01  0.275E+01  0.499E+02  0.260E+01
  1.122  0.435E+02  0.392E+01  0.582E+02  0.502E-02  0.198E+01  0.278E+01  0.500E+02  0.262E+01
  1.123  0.435E+02  0.396E+01  0.584E+02  0.536E-02  0.195E+01  0.280E+01  0.500E+02  0.264E+01
  1.124  0.436E+02  0.401E+01  0.585E+02  0.572E-02  0.192E+01  0.283E+01  0.500E+02  0.267E+01
  1.125  0.437E+02  0.405E+01  0.587E+02  0.610E-02  0.189E+01  0.286E+01  0.501E+02  0.269E+01
  1.126  0.437E+02  0.409E+01  0.589E+02  0.650E-02  0.186E+01  0.288E+01  0.501E+02  0.271E+01
  1.127  0.438E+02  0.414E+01  0.590E+02  0.691E-02  0.183E+01  0.291E+01  0.501E+02  0.273E+01
  1.128  0.438E+02  0.418E+01  0.592E+02  0.735E-02  0.179E+01  0.293E+01  0.502E+02  0.275E+01
  1.129  0.439E+02  0.422E+01  0.594E+02  0.780E-02  0.176E+01  0.296E+01  0.502E+02  0.278E+01
  1.130  0.440E+02  0.426E+01  0.595E+02  0.828E-02  0.173E+01  0.298E+01  0.502E+02  0.280E+01
  1.131  0.440E+02  0.430E+01  0.597E+02  0.877E-02  0.170E+01  0.301E+01  0.503E+02  0.282E+01
  1.132  0.441E+02  0.434E+01  0.599E+02  0.928E-02  0.167E+01  0.303E+01  0.503E+02  0.283E+01
  1.133  0.441E+02  0.438E+01  0.601E+02  0.982E-02  0.164E+01  0.305E+01  0.503E+02  0.285E+01
  1.134  0.442E+02  0.442E+01  0.602E+02  0.104E-01  0.161E+01  0.308E+01  0.504E+02  0.287E+01
  1.135  0.443E+02  0.446E+01  0.604E+02  0.110E-01  0.158E+01  0.310E+01  0.504E+02  0.289E+01
  1.136  0.443E+02  0.450E+01  0.606E+02  0.116E-01  0.155E+01  0.312E+01  0.504E+02  0.291E+01
  1.137  0.444E+02  0.454E+01  0.608E+02  0.122E-01  0.152E+01  0.314E+01  0.505E+02  0.293E+01
  1.138  0.444E+02  0.458E+01  0.610E+02  0.129E-01  0.149E+01  0.316E+01  0.505E+02  0.294E+01
  1.139  0.445E+02  0.462E+01  0.611E+02  0.135E-01  0.147E+01  0.319E+01  0.505E+02  0.296E+01
  1.140  0.446E+02  0.466E+01  0.613E+02  0.142E-01  0.144E+01  0.321E+01  0.506E+02  0.298E+01
  1.141  0.446E+02  0.469E+01  0.615E+02  0.150E-01  0.141E+01  0.323E+01  0.506E+02  0.299E+01
  1.142  0.447E+02  0.473E+01  0.617E+02  0.157E-01  0.138E+01  0.325E+01  0.506E+02  0.301E+01
  1.143  0.447E+02  0.477E+01  0.619E+02  0.165E-01  0.135E+01  0.327E+01  0.507E+02  0.302E+01
  1.144  0.448E+02  0.480E+01  0.621E+02  0.173E-01  0.132E+01  0.329E+01  0.507E+02  0.304E+01
  1.145  0.449E+02  0.484E+01  0.622E+02  0.182E-01  0.129E+01  0.331E+01  0.507E+02  0.305E+01
  1.146  0.449E+02  0.488E+01  0.624E+02  0.191E-01  0.126E+01  0.332E+01  0.508E+02  0.307E+01
  1.147  0.450E+02  0.491E+01  0.626E+02  0.200E-01  0.123E+01  0.334E+01  0.508E+02  0.308E+01
  1.148  0.451E+02  0.495E+01  0.628E+02  0.209E-01  0.120E+01  0.336E+01  0.508E+02  0.310E+01
  1.149  0.451E+02  0.498E+01  0.630E+02  0.219E-01  0.118E+01  0.338E+01  0.509E+02  0.311E+01
  1.150  0.452E+02  0.502E+01  0.632E+02  0.229E-01  0.115E+01  0.340E+01  0.509E+02  0.312E+01
  1.151  0.452E+02  0.505E+01  0.634E+02  0.240E-01  0.112E+01  0.342E+01  0.509E+02  0.314E+01
  1.152  0.453E+02  0.509E+01  0.636E+02  0.250E-01  0.109E+01  0.343E+01  0.510E+02  0.315E+01
  1.153  0.454E+02  0.512E+01  0.638E+02  0.262E-01  0.106E+01  0.345E+01  0.510E+02  0.316E+01
  1.154  0.454E+02  0.515E+01  0.640E+02  0.273E-01  0.104E+01  0.347E+01  0.510E+02  0.317E+01
  1.155  0.455E+02  0.519E+01  0.641E+02  0.285E-01  0.101E+01  0.348E+01  0.511E+02  0.318E+01
  1.156  0.456E+02  0.522E+01  0.643E+02  0.298E-01  0.980E+00  0.350E+01  0.511E+02  0.320E+01
  1.157  0.456E+02  0.525E+01  0.645E+02  0.310E-01  0.953E+00  0.352E+01  0.512E+02  0.321E+01
  1.158  0.457E+02  0.529E+01  0.647E+02  0.324E-01  0.925E+00  0.353E+01  0.512E+02  0.322E+01
  1.159  0.458E+02  0.532E+01  0.649E+02  0.337E-01  0.898E+00  0.355E+01  0.512E+02  0.323E+01
  1.160  0.458E+02  0.535E+01  0.651E+02  0.351E-01  0.871E+00  0.356E+01  0.513E+02  0.324E+01
  1.161  0.459E+02  0.538E+01  0.653E+02  0.366E-01  0.844E+00  0.358E+01  0.513E+02  0.325E+01
  1.162  0.459E+02  0.541E+01  0.655E+02  0.381E-01  0.817E+00  0.359E+01  0.513E+02  0.326E+01
  1.163  0.460E+02  0.544E+01  0.657E+02  0.396E-01  0.790E+00  0.361E+01  0.514E+02  0.327E+01
  1.164  0.461E+02  0.548E+01  0.659E+02  0.412E-01  0.763E+00  0.362E+01  0.514E+02  0.328E+01
  1.165  0.461E+02  0.551E+01  0.662E+02  0.428E-01  0.737E+00  0.364E+01  0.515E+02  0.329E+01
  1.166  0.462E+02  0.554E+01  0.664E+02  0.445E-01  0.710E+00  0.365E+01  0.515E+02  0.330E+01
  1.167  0.463E+02  0.557E+01  0.666E+02  0.463E-01  0.684E+00  0.367E+01  0.515E+02  0.331E+01
  1.168  0.463E+02  0.560E+01  0.668E+02  0.481E-01  0.658E+00  0.368E+01  0.516E+02  0.331E+01
  1.169  0.464E+02  0.563E+01  0.670E+02  0.499E-01  0.632E+00  0.369E+01  0.516E+02  0.332E+01
  1.170  0.465E+02  0.566E+01  0.672E+02  0.518E-01  0.606E+00  0.371E+01  0.516E+02  0.333E+01
  1.171  0.465E+02  0.569E+01  0.674E+02  0.538E-01  0.581E+00  0.372E+01  0.517E+02  0.334E+01
  1.172  0.466E+02  0.572E+01  0.676E+02  0.558E-01  0.555E+00  0.373E+01  0.517E+02  0.335E+01
  1.173  0.467E+02  0.575E+01  0.678E+02  0.579E-01  0.530E+00  0.374E+01  0.518E+02  0.335E+01
  1.174  0.468E+02  0.578E+01  0.681E+02  0.600E-01  0.505E+00  0.376E+01  0.518E+02  0.336E+01
  1.175  0.468E+02  0.580E+01  0.683E+02  0.622E-01  0.479E+00  0.377E+01  0.518E+02  0.337E+01
  1.176  0.469E+02  0.583E+01  0.685E+02  0.645E-01  0.455E+00  0.378E+01  0.519E+02  0.337E+01
  1.177  0.470E+02  0.586E+01  0.687E+02  0.668E-01  0.430E+00  0.379E+01  0.519E+02  0.338E+01
  1.178  0.470E+02  0.589E+01  0.689E+02  0.692E-01  0.405E+00  0.381E+01  0.520E+02  0.339E+01
  1.179  0.471E+02  0.592E+01  0.691E+02  0.717E-01  0.381E+00  0.382E+01  0.520E+02  0.339E+01
  1.180  0.472E+02  0.594E+01  0.694E+02  0.742E-01  0.356E+00  0.383E+01  0.520E+02  0.340E+01
  1.181  0.472E+02  0.597E+01  0.696E+02  0.768E-01  0.332E+00  0.384E+01  0.521E+02  0.341E+01
  1.182  0.473E+02  0.600E+01  0.698E+02  0.795E-01  0.308E+00  0.385E+01  0.521E+02  0.341E+01
  1.183  0.474E+02  0.603E+01  0.700E+02  0.822E-01  0.284E+00  0.386E+01  0.522E+02  0.342E+01
  1.184  0.475E+02  0.605E+01  0.703E+02  0.850E-01  0.261E+00  0.387E+01  0.522E+02  0.342E+01
  1.185  0.475E+02  0.608E+01  0.705E+02  0.879E-01  0.237E+00  0.388E+01  0.522E+02  0.343E+01
  1.186  0.476E+02  0.611E+01  0.707E+02  0.909E-01  0.214E+00  0.389E+01  0.523E+02  0.343E+01
  1.187  0.477E+02  0.613E+01  0.710E+02  0.940E-01  0.190E+00  0.390E+01  0.523E+02  0.344E+01
  1.188  0.477E+02  0.616E+01  0.712E+02  0.971E-01  0.167E+00  0.391E+01  0.524E+02  0.344E+01
  1.189  0.478E+02  0.619E+01  0.714E+02  0.100E+00  0.145E+00  0.392E+01  0.524E+02  0.344E+01
  1.190  0.479E+02  0.621E+01  0.717E+02  0.104E+00  0.122E+00  0.393E+01  0.524E+02  0.345E+01
  1.191  0.480E+02  0.624E+01  0.719E+02  0.107E+00  0.994E-01  0.394E+01  0.525E+02  0.345E+01
  1.192  0.480E+02  0.626E+01  0.721E+02  0.111E+00  0.771E-01  0.395E+01  0.525E+02  0.346E+01
  1.193  0.481E+02  0.629E+01  0.724E+02  0.114E+00  0.549E-01  0.396E+01  0.526E+02  0.346E+01
  1.194  0.482E+02  0.631E+01  0.726E+02  0.118E+00  0.329E-01  0.397E+01  0.526E+02  0.346E+01
  1.195  0.483E+02  0.634E+01  0.729E+02  0.122E+00  0.111E-01  0.398E+01  0.527E+02  0.347E+01
  1.196  0.483E+02  0.636E+01  0.731E+02  0.126E+00 -0.105E-01  0.399E+01  0.527E+02  0.347E+01
  1.197  0.484E+02  0.639E+01  0.734E+02  0.130E+00 -0.320E-01  0.400E+01  0.528E+02  0.347E+01
  1.198  0.485E+02  0.641E+01  0.736E+02  0.134E+00 -0.532E-01  0.401E+01  0.528E+02  0.347E+01
  1.199  0.486E+02  0.644E+01  0.739E+02  0.138E+00 -0.743E-01  0.401E+01  0.528E+02  0.348E+01
  1.200  0.486E+02  0.646E+01  0.741E+02  0.142E+00 -0.952E-01  0.402E+01  0.529E+02  0.348E+01
  1.201  0.487E+02  0.648E+01  0.744E+02  0.147E+00 -0.116E+00  0.403E+01  0.529E+02  0.348E+01
  1.202  0.488E+02  0.651E+01  0.746E+02  0.151E+00 -0.136E+00  0.404E+01  0.530E+02  0.348E+01
  1.203  0.489E+02  0.653E+01  0.749E+02  0.156E+00 -0.157E+00  0.405E+01  0.530E+02  0.348E+01
  1.204  0.489E+02  0.656E+01  0.751E+02  0.160E+00 -0.177E+00  0.406E+01  0.531E+02  0.349E+01
  1.205  0.490E+02  0.658E+01  0.754E+02  0.165E+00 -0.197E+00  0.406E+01  0.531E+02  0.349E+01
  1.206  0.491E+02  0.660E+01  0.757E+02  0.170E+00 -0.217E+00  0.407E+01  0.532E+02  0.349E+01
  1.207  0.492E+02  0.663E+01  0.759E+02  0.175E+00 -0.236E+00  0.408E+01  0.532E+02  0.349E+01
  1.208  0.492E+02  0.665E+01  0.762E+02  0.181E+00 -0.255E+00  0.408E+01  0.532E+02  0.349E+01
  1.209  0.493E+02  0.667E+01  0.764E+02  0.186E+00 -0.275E+00  0.409E+01  0.533E+02  0.349E+01
  1.210  0.494E+02  0.669E+01  0.767E+02  0.192E+00 -0.294E+00  0.410E+01  0.533E+02  0.349E+01
  1.211  0.495E+02  0.672E+01  0.770E+02  0.197E+00 -0.312E+00  0.411E+01  0.534E+02  0.349E+01
  1.212  0.496E+02  0.674E+01  0.772E+02  0.203E+00 -0.331E+00  0.411E+01  0.534E+02  0.349E+01
  1.213  0.496E+02  0.676E+01  0.775E+02  0.209E+00 -0.349E+00  0.412E+01  0.535E+02  0.349E+01
  1.214  0.497E+02  0.678E+01  0.778E+02  0.215E+00 -0.367E+00  0.413E+01  0.535E+02  0.349E+01
  1.215  0.498E+02  0.680E+01  0.781E+02  0.221E+00 -0.385E+00  0.413E+01  0.536E+02  0.349E+01
  1.216  0.499E+02  0.683E+01  0.783E+02  0.228E+00 -0.403E+00  0.414E+01  0.536E+02  0.349E+01
  1.217  0.500E+02  0.685E+01  0.786E+02  0.234E+00 -0.420E+00  0.414E+01  0.537E+02  0.349E+01
  1.218  0.500E+02  0.687E+01  0.789E+02  0.241E+00 -0.438E+00  0.415E+01  0.537E+02  0.349E+01
  1.219  0.501E+02  0.689E+01  0.792E+02  0.248E+00 -0.455E+00  0.416E+01  0.538E+02  0.349E+01
  1.220  0.502E+02  0.691E+01  0.795E+02  0.255E+00 -0.472E+00  0.416E+01  0.538E+02  0.349E+01
  1.221  0.503E+02  0.693E+01  0.798E+02  0.262E+00 -0.488E+00  0.417E+01  0.539E+02  0.349E+01
  1.222  0.504E+02  0.695E+01  0.801E+02  0.270E+00 -0.505E+00  0.417E+01  0.539E+02  0.349E+01
  1.223  0.505E+02  0.697E+01  0.803E+02  0.277E+00 -0.521E+00  0.418E+01  0.540E+02  0.349E+01
  1.224  0.505E+02  0.699E+01  0.806E+02  0.285E+00 -0.537E+00  0.418E+01  0.540E+02  0.349E+01
  1.225  0.506E+02  0.701E+01  0.809E+02  0.293E+00 -0.552E+00  0.419E+01  0.541E+02  0.348E+01
  1.226  0.507E+02  0.703E+01  0.812E+02  0.301E+00 -0.568E+00  0.419E+01  0.541E+02  0.348E+01
  1.227  0.508E+02  0.705E+01  0.815E+02  0.309E+00 -0.583E+00  0.420E+01  0.542E+02  0.348E+01
  1.228  0.509E+02  0.707E+01  0.818E+02  0.318E+00 -0.598E+00  0.420E+01  0.542E+02  0.348E+01
  1.229  0.510E+02  0.709E+01  0.821E+02  0.327E+00 -0.613E+00  0.421E+01  0.543E+02  0.348E+01
  1.230  0.511E+02  0.711E+01  0.824E+02  0.336E+00 -0.627E+00  0.421E+01  0.543E+02  0.347E+01
  1.231  0.511E+02  0.713E+01  0.828E+02  0.345E+00 -0.642E+00  0.422E+01  0.544E+02  0.347E+01
  1.232  0.512E+02  0.715E+01  0.831E+02  0.354E+00 -0.656E+00  0.422E+01  0.544E+02  0.347E+01
  1.233  0.513E+02  0.717E+01  0.834E+02  0.364E+00 -0.670E+00  0.423E+01  0.545E+02  0.347E+01
  1.234  0.514E+02  0.719E+01  0.837E+02  0.374E+00 -0.683E+00  0.423E+01  0.545E+02  0.347E+01
  1.235  0.515E+02  0.721E+01  0.840E+02  0.384E+00 -0.697E+00  0.424E+01  0.546E+02  0.346E+01
  1.236  0.516E+02  0.723E+01  0.843E+02  0.394E+00 -0.710E+00  0.424E+01  0.546E+02  0.346E+01
  1.237  0.517E+02  0.725E+01  0.847E+02  0.405E+00 -0.722E+00  0.425E+01  0.547E+02  0.346E+01
  1.238  0.518E+02  0.727E+01  0.850E+02  0.416E+00 -0.735E+00  0.425E+01  0.547E+02  0.345E+01
  1.239  0.519E+02  0.728E+01  0.853E+02  0.427E+00 -0.747E+00  0.425E+01  0.548E+02  0.345E+01
  1.240  0.519E+02  0.730E+01  0.856E+02  0.439E+00 -0.759E+00  0.426E+01  0.548E+02  0.345E+01
  1.241  0.520E+02  0.732E+01  0.860E+02  0.450E+00 -0.771E+00  0.426E+01  0.549E+02  0.344E+01
  1.242  0.521E+02  0.734E+01  0.863E+02  0.463E+00 -0.783E+00  0.426E+01  0.550E+02  0.344E+01
  1.243  0.522E+02  0.736E+01  0.866E+02  0.475E+00 -0.794E+00  0.427E+01  0.550E+02  0.344E+01
  1.244  0.523E+02  0.737E+01  0.870E+02  0.488E+00 -0.805E+00  0.427E+01  0.551E+02  0.343E+01
  1.245  0.524E+02  0.739E+01  0.873E+02  0.501E+00 -0.816E+00  0.428E+01  0.551E+02  0.343E+01
  1.246  0.525E+02  0.741E+01  0.877E+02  0.514E+00 -0.826E+00  0.428E+01  0.552E+02  0.342E+01
  1.247  0.526E+02  0.743E+01  0.880E+02  0.528E+00 -0.837E+00  0.428E+01  0.552E+02  0.342E+01
  1.248  0.527E+02  0.744E+01  0.884E+02  0.542E+00 -0.847E+00  0.429E+01  0.553E+02  0.342E+01
  1.249  0.528E+02  0.746E+01  0.887E+02  0.556E+00 -0.856E+00  0.429E+01  0.553E+02  0.341E+01
  1.250  0.529E+02  0.748E+01  0.891E+02  0.571E+00 -0.866E+00  0.429E+01  0.554E+02  0.341E+01
  1.251  0.530E+02  0.749E+01  0.894E+02  0.586E+00 -0.875E+00  0.430E+01  0.555E+02  0.340E+01
  1.252  0.531E+02  0.751E+01  0.898E+02  0.602E+00 -0.884E+00  0.430E+01  0.555E+02  0.340E+01
  1.253  0.532E+02  0.753E+01  0.902E+02  0.618E+00 -0.892E+00  0.430E+01  0.556E+02  0.339E+01
  1.254  0.533E+02  0.754E+01  0.905E+02  0.634E+00 -0.901E+00  0.430E+01  0.556E+02  0.339E+01
  1.255  0.534E+02  0.756E+01  0.909E+02  0.651E+00 -0.909E+00  0.431E+01  0.557E+02  0.338E+01
  1.256  0.535E+02  0.757E+01  0.913E+02  0.668E+00 -0.916E+00  0.431E+01  0.558E+02  0.338E+01
  1.257  0.536E+02  0.759E+01  0.917E+02  0.686E+00 -0.924E+00  0.431E+01  0.558E+02  0.337E+01
  1.258  0.537E+02  0.761E+01  0.920E+02  0.704E+00 -0.931E+00  0.431E+01  0.559E+02  0.337E+01
  1.259  0.538E+02  0.762E+01  0.924E+02  0.723E+00 -0.938E+00  0.432E+01  0.559E+02  0.336E+01
  1.260  0.539E+02  0.764E+01  0.928E+02  0.742E+00 -0.944E+00  0.432E+01  0.560E+02  0.336E+01
  1.261  0.540E+02  0.765E+01  0.932E+02  0.761E+00 -0.951E+00  0.432E+01  0.561E+02  0.335E+01
  1.262  0.541E+02  0.767E+01  0.936E+02  0.782E+00 -0.957E+00  0.432E+01  0.561E+02  0.335E+01
  1.263  0.542E+02  0.768E+01  0.940E+02  0.802E+00 -0.962E+00  0.433E+01  0.562E+02  0.334E+01
  1.264  0.543E+02  0.770E+01  0.944E+02  0.824E+00 -0.968E+00  0.433E+01  0.562E+02  0.334E+01
  1.265  0.544E+02  0.771E+01  0.948E+02  0.845E+00 -0.973E+00  0.433E+01  0.563E+02  0.333E+01
  1.266  0.545E+02  0.773E+01  0.952E+02  0.868E+00 -0.977E+00  0.433E+01  0.564E+02  0.332E+01
  1.267  0.546E+02  0.774E+01  0.956E+02  0.891E+00 -0.982E+00  0.434E+01  0.564E+02  0.332E+01
  1.268  0.547E+02  0.776E+01  0.961E+02  0.915E+00 -0.986E+00  0.434E+01  0.565E+02  0.331E+01
  1.269  0.548E+02  0.777E+01  0.965E+02  0.939E+00 -0.990E+00  0.434E+01  0.566E+02  0.331E+01
  1.270  0.549E+02  0.778E+01  0.969E+02  0.964E+00 -0.993E+00  0.434E+01  0.566E+02  0.330E+01
  1.271  0.550E+02  0.780E+01  0.973E+02  0.989E+00 -0.996E+00  0.434E+01  0.567E+02  0.329E+01
  1.272  0.551E+02  0.781E+01  0.978E+02  0.102E+01 -0.999E+00  0.435E+01  0.567E+02  0.329E+01
  1.273  0.552E+02  0.783E+01  0.982E+02  0.104E+01 -0.100E+01  0.435E+01  0.568E+02  0.328E+01
  1.274  0.553E+02  0.784E+01  0.986E+02  0.107E+01 -0.100E+01  0.435E+01  0.569E+02  0.327E+01
  1.275  0.554E+02  0.785E+01  0.991E+02  0.110E+01 -0.101E+01  0.435E+01  0.569E+02  0.327E+01
  1.276  0.555E+02  0.787E+01  0.995E+02  0.113E+01 -0.101E+01  0.435E+01  0.570E+02  0.326E+01
  1.277  0.556E+02  0.788E+01  0.100E+03  0.116E+01 -0.101E+01  0.436E+01  0.571E+02  0.325E+01
  1.278  0.557E+02  0.789E+01  0.100E+03  0.119E+01 -0.101E+01  0.436E+01  0.571E+02  0.325E+01
  1.279  0.559E+02  0.791E+01  0.101E+03  0.122E+01 -0.101E+01  0.436E+01  0.572E+02  0.324E+01
  1.280  0.560E+02  0.792E+01  0.101E+03  0.126E+01 -0.101E+01  0.436E+01  0.573E+02  0.323E+01
  1.281  0.561E+02  0.793E+01  0.102E+03  0.129E+01 -0.101E+01  0.436E+01  0.573E+02  0.323E+01
  1.282  0.562E+02  0.794E+01  0.102E+03  0.132E+01 -0.101E+01  0.436E+01  0.574E+02  0.322E+01
  1.283  0.563E+02  0.796E+01  0.103E+03  0.136E+01 -0.101E+01  0.437E+01  0.575E+02  0.321E+01
  1.284  0.564E+02  0.797E+01  0.103E+03  0.140E+01 -0.101E+01  0.437E+01  0.575E+02  0.320E+01
  1.285  0.565E+02  0.798E+01  0.104E+03  0.143E+01 -0.100E+01  0.437E+01  0.576E+02  0.320E+01
  1.286  0.567E+02  0.799E+01  0.104E+03  0.147E+01 -0.100E+01  0.437E+01  0.577E+02  0.319E+01
  1.287  0.568E+02  0.801E+01  0.105E+03  0.151E+01 -0.100E+01  0.437E+01  0.578E+02  0.318E+01
  1.288  0.569E+02  0.802E+01  0.105E+03  0.156E+01 -0.997E+00  0.437E+01  0.578E+02  0.317E+01
  1.289  0.570E+02  0.803E+01  0.106E+03  0.160E+01 -0.994E+00  0.438E+01  0.579E+02  0.317E+01
  1.290  0.571E+02  0.804E+01  0.106E+03  0.164E+01 -0.991E+00  0.438E+01  0.580E+02  0.316E+01
  1.291  0.572E+02  0.805E+01  0.107E+03  0.169E+01 -0.987E+00  0.438E+01  0.580E+02  0.315E+01
  1.292  0.574E+02  0.806E+01  0.107E+03  0.173E+01 -0.982E+00  0.438E+01  0.581E+02  0.314E+01
  1.293  0.575E+02  0.807E+01  0.108E+03  0.178E+01 -0.978E+00  0.438E+01  0.582E+02  0.314E+01
  1.294  0.576E+02  0.808E+01  0.108E+03  0.183E+01 -0.973E+00  0.438E+01  0.583E+02  0.313E+01
  1.295  0.577E+02  0.810E+01  0.109E+03  0.188E+01 -0.967E+00  0.439E+01  0.583E+02  0.312E+01
  1.296  0.578E+02  0.811E+01  0.109E+03  0.193E+01 -0.961E+00  0.439E+01  0.584E+02  0.311E+01
  1.297  0.580E+02  0.812E+01  0.110E+03  0.199E+01 -0.955E+00  0.439E+01  0.585E+02  0.310E+01
  1.298  0.581E+02  0.813E+01  0.111E+03  0.204E+01 -0.948E+00  0.439E+01  0.586E+02  0.310E+01
  1.299  0.582E+02  0.814E+01  0.111E+03  0.210E+01 -0.941E+00  0.439E+01  0.586E+02  0.309E+01
  1.300  0.583E+02  0.815E+01  0.112E+03  0.216E+01 -0.934E+00  0.439E+01  0.587E+02  0.308E+01
  1.301  0.585E+02  0.816E+01  0.112E+03  0.222E+01 -0.926E+00  0.439E+01  0.588E+02  0.307E+01
  1.302  0.586E+02  0.817E+01  0.113E+03  0.229E+01 -0.918E+00  0.440E+01  0.589E+02  0.306E+01
  1.303  0.587E+02  0.818E+01  0.113E+03  0.235E+01 -0.909E+00  0.440E+01  0.590E+02  0.306E+01
  1.304  0.588E+02  0.819E+01  0.114E+03  0.242E+01 -0.900E+00  0.440E+01  0.590E+02  0.305E+01
  1.305  0.590E+02  0.819E+01  0.115E+03  0.249E+01 -0.890E+00  0.440E+01  0.591E+02  0.304E+01
  1.306  0.591E+02  0.820E+01  0.115E+03  0.256E+01 -0.880E+00  0.440E+01  0.592E+02  0.303E+01
  1.307  0.592E+02  0.821E+01  0.116E+03  0.263E+01 -0.870E+00  0.440E+01  0.593E+02  0.302E+01
  1.308  0.594E+02  0.822E+01  0.117E+03  0.271E+01 -0.859E+00  0.441E+01  0.594E+02  0.301E+01
  1.309  0.595E+02  0.823E+01  0.117E+03  0.279E+01 -0.847E+00  0.441E+01  0.594E+02  0.301E+01
  1.310  0.596E+02  0.824E+01  0.118E+03  0.287E+01 -0.836E+00  0.441E+01  0.595E+02  0.300E+01
  1.311  0.598E+02  0.825E+01  0.118E+03  0.296E+01 -0.823E+00  0.441E+01  0.596E+02  0.299E+01
  1.312  0.599E+02  0.826E+01  0.119E+03  0.304E+01 -0.811E+00  0.441E+01  0.597E+02  0.298E+01
  1.313  0.600E+02  0.826E+01  0.120E+03  0.313E+01 -0.798E+00  0.442E+01  0.598E+02  0.297E+01
  1.314  0.602E+02  0.827E+01  0.120E+03  0.322E+01 -0.784E+00  0.442E+01  0.598E+02  0.296E+01
  1.315  0.603E+02  0.828E+01  0.121E+03  0.332E+01 -0.770E+00  0.442E+01  0.599E+02  0.295E+01
  1.316  0.604E+02  0.829E+01  0.122E+03  0.342E+01 -0.755E+00  0.442E+01  0.600E+02  0.295E+01
  1.317  0.606E+02  0.829E+01  0.123E+03  0.352E+01 -0.740E+00  0.442E+01  0.601E+02  0.294E+01
  1.318  0.607E+02  0.830E+01  0.123E+03  0.363E+01 -0.725E+00  0.443E+01  0.602E+02  0.293E+01
  1.319  0.608E+02  0.831E+01  0.124E+03  0.374E+01 -0.709E+00  0.443E+01  0.603E+02  0.292E+01
  1.320  0.610E+02  0.832E+01  0.125E+03  0.385E+01 -0.692E+00  0.443E+01  0.604E+02  0.291E+01
  1.321  0.611E+02  0.832E+01  0.125E+03  0.397E+01 -0.675E+00  0.443E+01  0.605E+02  0.290E+01
  1.322  0.613E+02  0.833E+01  0.126E+03  0.409E+01 -0.657E+00  0.443E+01  0.605E+02  0.289E+01
  1.323  0.614E+02  0.833E+01  0.127E+03  0.422E+01 -0.639E+00  0.444E+01  0.606E+02  0.289E+01
  1.324  0.616E+02  0.834E+01  0.128E+03  0.435E+01 -0.621E+00  0.444E+01  0.607E+02  0.288E+01
  1.325  0.617E+02  0.835E+01  0.128E+03  0.448E+01 -0.602E+00  0.444E+01  0.608E+02  0.287E+01
  1.326  0.619E+02  0.835E+01  0.129E+03  0.462E+01 -0.582E+00  0.444E+01  0.609E+02  0.286E+01
  1.327  0.620E+02  0.836E+01  0.130E+03  0.476E+01 -0.562E+00  0.445E+01  0.610E+02  0.285E+01
  1.328  0.622E+02  0.836E+01  0.131E+03  0.491E+01 -0.541E+00  0.445E+01  0.611E+02  0.284E+01
  1.329  0.623E+02  0.837E+01  0.132E+03  0.507E+01 -0.520E+00  0.445E+01  0.612E+02  0.283E+01
  1.330  0.625E+02  0.837E+01  0.132E+03  0.523E+01 -0.499E+00  0.446E+01  0.613E+02  0.283E+01
  1.331  0.626E+02  0.838E+01  0.133E+03  0.539E+01 -0.476E+00  0.446E+01  0.614E+02  0.282E+01
  1.332  0.628E+02  0.838E+01  0.134E+03  0.556E+01 -0.453E+00  0.446E+01  0.615E+02  0.281E+01
  1.333  0.629E+02  0.839E+01  0.135E+03  0.574E+01 -0.430E+00  0.446E+01  0.616E+02  0.280E+01
  1.334  0.631E+02  0.839E+01  0.136E+03  0.593E+01 -0.406E+00  0.447E+01  0.617E+02  0.279E+01
  1.335  0.632E+02  0.840E+01  0.137E+03  0.612E+01 -0.382E+00  0.447E+01  0.618E+02  0.278E+01
  1.336  0.634E+02  0.840E+01  0.137E+03  0.631E+01 -0.356E+00  0.447E+01  0.619E+02  0.277E+01
  1.337  0.635E+02  0.841E+01  0.138E+03  0.652E+01 -0.331E+00  0.448E+01  0.620E+02  0.277E+01
  1.338  0.637E+02  0.841E+01  0.139E+03  0.673E+01 -0.304E+00  0.448E+01  0.621E+02  0.276E+01
  1.339  0.638E+02  0.841E+01  0.140E+03  0.694E+01 -0.278E+00  0.449E+01  0.622E+02  0.275E+01
  1.340  0.640E+02  0.842E+01  0.141E+03  0.717E+01 -0.250E+00  0.449E+01  0.623E+02  0.274E+01
  1.341  0.642E+02  0.842E+01  0.142E+03  0.740E+01 -0.222E+00  0.449E+01  0.624E+02  0.273E+01
  1.342  0.643E+02  0.842E+01  0.143E+03  0.765E+01 -0.193E+00  0.450E+01  0.625E+02  0.272E+01
  1.343  0.645E+02  0.843E+01  0.144E+03  0.790E+01 -0.164E+00  0.450E+01  0.626E+02  0.272E+01
  1.344  0.647E+02  0.843E+01  0.145E+03  0.816E+01 -0.134E+00  0.451E+01  0.627E+02  0.271E+01
  1.345  0.648E+02  0.843E+01  0.146E+03  0.843E+01 -0.103E+00  0.451E+01  0.628E+02  0.270E+01
  1.346  0.650E+02  0.843E+01  0.147E+03  0.871E+01 -0.720E-01  0.452E+01  0.629E+02  0.269E+01
  1.347  0.652E+02  0.843E+01  0.148E+03  0.899E+01 -0.401E-01  0.452E+01  0.630E+02  0.268E+01
  1.348  0.653E+02  0.844E+01  0.149E+03  0.929E+01 -0.766E-02  0.453E+01  0.631E+02  0.268E+01
  1.349  0.655E+02  0.844E+01  0.150E+03  0.960E+01  0.256E-01  0.453E+01  0.632E+02  0.267E+01
  1.350  0.657E+02  0.844E+01  0.151E+03  0.992E+01  0.596E-01  0.454E+01  0.633E+02  0.266E+01
  1.351  0.659E+02  0.844E+01  0.152E+03  0.102E+02  0.942E-01  0.454E+01  0.634E+02  0.265E+01
  1.352  0.660E+02  0.844E+01  0.153E+03  0.106E+02  0.129E+00  0.455E+01  0.636E+02  0.265E+01
  1.353  0.662E+02  0.844E+01  0.154E+03  0.109E+02  0.165E+00  0.455E+01  0.637E+02  0.264E+01
  1.354  0.664E+02  0.844E+01  0.155E+03  0.113E+02  0.202E+00  0.456E+01  0.638E+02  0.263E+01
  1.355  0.666E+02  0.844E+01  0.156E+03  0.117E+02  0.240E+00  0.457E+01  0.639E+02  0.263E+01
  1.356  0.667E+02  0.844E+01  0.157E+03  0.121E+02  0.278E+00  0.457E+01  0.640E+02  0.262E+01
  1.357  0.669E+02  0.844E+01  0.159E+03  0.125E+02  0.316E+00  0.458E+01  0.641E+02  0.261E+01
  1.358  0.671E+02  0.844E+01  0.160E+03  0.129E+02  0.356E+00  0.459E+01  0.643E+02  0.260E+01
  1.359  0.673E+02  0.844E+01  0.161E+03  0.133E+02  0.396E+00  0.459E+01  0.644E+02  0.260E+01
  1.360  0.675E+02  0.844E+01  0.162E+03  0.138E+02  0.437E+00  0.460E+01  0.645E+02  0.259E+01
  1.361  0.677E+02  0.844E+01  0.163E+03  0.142E+02  0.479E+00  0.461E+01  0.646E+02  0.258E+01
  1.362  0.679E+02  0.843E+01  0.165E+03  0.147E+02  0.522E+00  0.462E+01  0.647E+02  0.258E+01
  1.363  0.680E+02  0.843E+01  0.166E+03  0.152E+02  0.565E+00  0.462E+01  0.649E+02  0.257E+01
  1.364  0.682E+02  0.843E+01  0.167E+03  0.157E+02  0.610E+00  0.463E+01  0.650E+02  0.257E+01
  1.365  0.684E+02  0.843E+01  0.168E+03  0.162E+02  0.655E+00  0.464E+01  0.651E+02  0.256E+01
  1.366  0.686E+02  0.843E+01  0.169E+03  0.168E+02  0.701E+00  0.465E+01  0.652E+02  0.256E+01
  1.367  0.688E+02  0.842E+01  0.171E+03  0.173E+02  0.747E+00  0.466E+01  0.654E+02  0.255E+01
  1.368  0.690E+02  0.842E+01  0.172E+03  0.179E+02  0.795E+00  0.467E+01  0.655E+02  0.254E+01
  1.369  0.692E+02  0.842E+01  0.173E+03  0.185E+02  0.843E+00  0.468E+01  0.656E+02  0.254E+01
  1.370  0.694E+02  0.841E+01  0.175E+03  0.191E+02  0.892E+00  0.469E+01  0.658E+02  0.253E+01
  1.371  0.696E+02  0.841E+01  0.176E+03  0.197E+02  0.942E+00  0.470E+01  0.659E+02  0.253E+01
  1.372  0.698E+02  0.840E+01  0.177E+03  0.204E+02  0.993E+00  0.471E+01  0.660E+02  0.253E+01
  1.373  0.700E+02  0.840E+01  0.179E+03  0.210E+02  0.105E+01  0.472E+01  0.662E+02  0.252E+01
  1.374  0.702E+02  0.839E+01  0.180E+03  0.217E+02  0.110E+01  0.473E+01  0.663E+02  0.252E+01
  1.375  0.705E+02  0.839E+01  0.181E+03  0.224E+02  0.115E+01  0.474E+01  0.665E+02  0.251E+01
  1.376  0.707E+02  0.838E+01  0.183E+03  0.232E+02  0.121E+01  0.475E+01  0.666E+02  0.251E+01
  1.377  0.709E+02  0.837E+01  0.184E+03  0.239E+02  0.126E+01  0.477E+01  0.667E+02  0.251E+01
  1.378  0.711E+02  0.837E+01  0.186E+03  0.247E+02  0.132E+01  0.478E+01  0.669E+02  0.250E+01
  1.379  0.713E+02  0.836E+01  0.187E+03  0.255E+02  0.138E+01  0.479E+01  0.670E+02  0.250E+01
  1.380  0.715E+02  0.835E+01  0.189E+03  0.263E+02  0.143E+01  0.480E+01  0.672E+02  0.250E+01
  1.381  0.718E+02  0.835E+01  0.190E+03  0.272E+02  0.149E+01  0.482E+01  0.673E+02  0.250E+01
  1.382  0.720E+02  0.834E+01  0.192E+03  0.281E+02  0.155E+01  0.483E+01  0.675E+02  0.249E+01
  1.383  0.722E+02  0.833E+01  0.193E+03  0.290E+02  0.161E+01  0.485E+01  0.676E+02  0.249E+01
  1.384  0.724E+02  0.832E+01  0.195E+03  0.299E+02  0.168E+01  0.486E+01  0.678E+02  0.249E+01
  1.385  0.727E+02  0.831E+01  0.196E+03  0.309E+02  0.174E+01  0.488E+01  0.679E+02  0.249E+01
  1.386  0.729E+02  0.830E+01  0.198E+03  0.319E+02  0.181E+01  0.489E+01  0.681E+02  0.249E+01
  1.387  0.731E+02  0.829E+01  0.199E+03  0.329E+02  0.187E+01  0.491E+01  0.683E+02  0.249E+01
  1.388  0.734E+02  0.828E+01  0.201E+03  0.339E+02  0.194E+01  0.493E+01  0.684E+02  0.249E+01
  1.389  0.736E+02  0.827E+01  0.203E+03  0.350E+02  0.201E+01  0.494E+01  0.686E+02  0.249E+01
  1.390  0.738E+02  0.826E+01  0.204E+03  0.361E+02  0.207E+01  0.496E+01  0.688E+02  0.249E+01
  1.391  0.741E+02  0.825E+01  0.206E+03  0.373E+02  0.214E+01  0.498E+01  0.689E+02  0.249E+01
  1.392  0.743E+02  0.824E+01  0.208E+03  0.385E+02  0.222E+01  0.500E+01  0.691E+02  0.249E+01
  1.393  0.746E+02  0.823E+01  0.209E+03  0.397E+02  0.229E+01  0.502E+01  0.693E+02  0.250E+01
  1.394  0.748E+02  0.821E+01  0.211E+03  0.409E+02  0.236E+01  0.504E+01  0.694E+02  0.250E+01
  1.395  0.751E+02  0.820E+01  0.213E+03  0.422E+02  0.244E+01  0.506E+01  0.696E+02  0.250E+01
  1.396  0.753E+02  0.818E+01  0.214E+03  0.436E+02  0.251E+01  0.508E+01  0.698E+02  0.251E+01
  1.397  0.756E+02  0.817E+01  0.216E+03  0.449E+02  0.259E+01  0.510E+01  0.700E+02  0.251E+01
  1.398  0.758E+02  0.816E+01  0.218E+03  0.463E+02  0.267E+01  0.512E+01  0.702E+02  0.251E+01
  1.399  0.761E+02  0.814E+01  0.220E+03  0.478E+02  0.275E+01  0.515E+01  0.703E+02  0.252E+01
  1.400  0.763E+02  0.812E+01  0.221E+03  0.493E+02  0.283E+01  0.517E+01  0.705E+02  0.252E+01
  1.401  0.766E+02  0.811E+01  0.223E+03  0.508E+02  0.291E+01  0.519E+01  0.707E+02  0.253E+01
  1.402  0.769E+02  0.809E+01  0.225E+03  0.524E+02  0.300E+01  0.522E+01  0.709E+02  0.254E+01
  1.403  0.772E+02  0.807E+01  0.227E+03  0.541E+02  0.308E+01  0.524E+01  0.711E+02  0.255E+01
  1.404  0.774E+02  0.805E+01  0.229E+03  0.557E+02  0.317E+01  0.527E+01  0.713E+02  0.255E+01
  1.405  0.777E+02  0.804E+01  0.230E+03  0.575E+02  0.326E+01  0.530E+01  0.715E+02  0.256E+01
  1.406  0.780E+02  0.802E+01  0.232E+03  0.593E+02  0.334E+01  0.533E+01  0.717E+02  0.257E+01
  1.407  0.783E+02  0.800E+01  0.234E+03  0.611E+02  0.344E+01  0.536E+01  0.719E+02  0.258E+01
  1.408  0.786E+02  0.798E+01  0.236E+03  0.630E+02  0.353E+01  0.539E+01  0.721E+02  0.259E+01
  1.409  0.788E+02  0.795E+01  0.238E+03  0.650E+02  0.362E+01  0.542E+01  0.723E+02  0.260E+01
  1.410  0.791E+02  0.793E+01  0.240E+03  0.670E+02  0.372E+01  0.545E+01  0.725E+02  0.262E+01
  1.411  0.794E+02  0.791E+01  0.242E+03  0.691E+02  0.381E+01  0.548E+01  0.727E+02  0.263E+01
  1.412  0.797E+02  0.789E+01  0.244E+03  0.712E+02  0.391E+01  0.551E+01  0.730E+02  0.264E+01
  1.413  0.800E+02  0.786E+01  0.246E+03  0.734E+02  0.401E+01  0.555E+01  0.732E+02  0.266E+01
  1.414  0.803E+02  0.784E+01  0.248E+03  0.756E+02  0.411E+01  0.558E+01  0.734E+02  0.267E+01
  1.415  0.806E+02  0.781E+01  0.250E+03  0.780E+02  0.422E+01  0.562E+01  0.736E+02  0.269E+01
  1.416  0.810E+02  0.778E+01  0.252E+03  0.804E+02  0.432E+01  0.566E+01  0.739E+02  0.271E+01
  1.417  0.813E+02  0.776E+01  0.254E+03  0.829E+02  0.443E+01  0.570E+01  0.741E+02  0.273E+01
  1.418  0.816E+02  0.773E+01  0.256E+03  0.854E+02  0.454E+01  0.574E+01  0.743E+02  0.275E+01
  1.419  0.819E+02  0.770E+01  0.258E+03  0.880E+02  0.465E+01  0.578E+01  0.746E+02  0.277E+01
  1.420  0.822E+02  0.767E+01  0.259E+03  0.907E+02  0.476E+01  0.582E+01  0.748E+02  0.279E+01
  1.421  0.826E+02  0.764E+01  0.261E+03  0.935E+02  0.487E+01  0.586E+01  0.751E+02  0.281E+01
  1.422  0.829E+02  0.761E+01  0.263E+03  0.964E+02  0.499E+01  0.591E+01  0.753E+02  0.284E+01
  1.423  0.832E+02  0.757E+01  0.265E+03  0.994E+02  0.511E+01  0.595E+01  0.756E+02  0.287E+01
  1.424  0.836E+02  0.754E+01  0.267E+03  0.102E+03  0.523E+01  0.600E+01  0.758E+02  0.289E+01
  1.425  0.839E+02  0.751E+01  0.269E+03  0.106E+03  0.535E+01  0.605E+01  0.761E+02  0.292E+01
  1.426  0.843E+02  0.747E+01  0.271E+03  0.109E+03  0.547E+01  0.610E+01  0.764E+02  0.295E+01
  1.427  0.846E+02  0.743E+01  0.273E+03  0.112E+03  0.560E+01  0.615E+01  0.767E+02  0.298E+01
  1.428  0.850E+02  0.740E+01  0.275E+03  0.116E+03  0.572E+01  0.621E+01  0.769E+02  0.302E+01
  1.429  0.854E+02  0.736E+01  0.277E+03  0.119E+03  0.585E+01  0.626E+01  0.772E+02  0.305E+01
  1.430  0.857E+02  0.732E+01  0.279E+03  0.123E+03  0.599E+01  0.632E+01  0.775E+02  0.309E+01
  1.431  0.861E+02  0.728E+01  0.281E+03  0.126E+03  0.612E+01  0.638E+01  0.778E+02  0.312E+01
  1.432  0.865E+02  0.723E+01  0.282E+03  0.130E+03  0.626E+01  0.644E+01  0.781E+02  0.316E+01
  1.433  0.869E+02  0.719E+01  0.284E+03  0.134E+03  0.639E+01  0.650E+01  0.784E+02  0.321E+01
  1.434  0.873E+02  0.715E+01  0.286E+03  0.138E+03  0.654E+01  0.656E+01  0.787E+02  0.325E+01
  1.435  0.877E+02  0.710E+01  0.288E+03  0.142E+03  0.668E+01  0.663E+01  0.790E+02  0.330E+01
  1.436  0.881E+02  0.705E+01  0.289E+03  0.147E+03  0.682E+01  0.670E+01  0.793E+02  0.334E+01
  1.437  0.885E+02  0.700E+01  0.291E+03  0.151E+03  0.697E+01  0.677E+01  0.797E+02  0.339E+01
  1.438  0.889E+02  0.695E+01  0.292E+03  0.156E+03  0.712E+01  0.684E+01  0.800E+02  0.345E+01
  1.439  0.893E+02  0.690E+01  0.294E+03  0.160E+03  0.728E+01  0.692E+01  0.803E+02  0.350E+01
  1.440  0.898E+02  0.685E+01  0.295E+03  0.165E+03  0.743E+01  0.699E+01  0.807E+02  0.356E+01
  1.441  0.902E+02  0.679E+01  0.297E+03  0.170E+03  0.759E+01  0.708E+01  0.810E+02  0.362E+01
  1.442  0.906E+02  0.674E+01  0.298E+03  0.175E+03  0.775E+01  0.716E+01  0.814E+02  0.368E+01
  1.443  0.911E+02  0.668E+01  0.299E+03  0.180E+03  0.792E+01  0.724E+01  0.818E+02  0.375E+01
  1.444  0.915E+02  0.662E+01  0.300E+03  0.186E+03  0.808E+01  0.733E+01  0.821E+02  0.382E+01
  1.445  0.920E+02  0.656E+01  0.301E+03  0.191E+03  0.825E+01  0.742E+01  0.825E+02  0.389E+01
  1.446  0.925E+02  0.649E+01  0.302E+03  0.197E+03  0.843E+01  0.752E+01  0.829E+02  0.397E+01
  1.447  0.930E+02  0.643E+01  0.303E+03  0.202E+03  0.860E+01  0.762E+01  0.833E+02  0.405E+01
  1.448  0.934E+02  0.636E+01  0.303E+03  0.208E+03  0.878E+01  0.772E+01  0.837E+02  0.413E+01
  1.449  0.939E+02  0.629E+01  0.304E+03  0.214E+03  0.896E+01  0.782E+01  0.841E+02  0.422E+01
  1.450  0.944E+02  0.622E+01  0.304E+03  0.220E+03  0.915E+01  0.793E+01  0.845E+02  0.431E+01
  1.451  0.950E+02  0.615E+01  0.304E+03  0.227E+03  0.934E+01  0.805E+01  0.850E+02  0.441E+01
  1.452  0.955E+02  0.607E+01  0.304E+03  0.233E+03  0.953E+01  0.816E+01  0.854E+02  0.451E+01
  1.453  0.960E+02  0.599E+01  0.304E+03  0.239E+03  0.972E+01  0.828E+01  0.859E+02  0.461E+01
  1.454  0.966E+02  0.591E+01  0.304E+03  0.246E+03  0.992E+01  0.841E+01  0.863E+02  0.473E+01
  1.455  0.971E+02  0.583E+01  0.303E+03  0.253E+03  0.101E+02  0.854E+01  0.868E+02  0.484E+01
  1.456  0.977E+02  0.575E+01  0.303E+03  0.260E+03  0.103E+02  0.867E+01  0.873E+02  0.496E+01
  1.457  0.983E+02  0.566E+01  0.302E+03  0.267E+03  0.105E+02  0.881E+01  0.878E+02  0.509E+01
  1.458  0.989E+02  0.557E+01  0.301E+03  0.274E+03  0.108E+02  0.896E+01  0.883E+02  0.523E+01
  1.459  0.995E+02  0.548E+01  0.299E+03  0.281E+03  0.110E+02  0.911E+01  0.888E+02  0.537E+01
  1.460  0.100E+03  0.538E+01  0.298E+03  0.288E+03  0.112E+02  0.926E+01  0.894E+02  0.552E+01
  1.461  0.101E+03  0.529E+01  0.296E+03  0.296E+03  0.114E+02  0.943E+01  0.899E+02  0.568E+01
  1.462  0.101E+03  0.518E+01  0.294E+03  0.303E+03  0.116E+02  0.960E+01  0.905E+02  0.585E+01
  1.463  0.102E+03  0.508E+01  0.292E+03  0.311E+03  0.119E+02  0.977E+01  0.911E+02  0.602E+01
  1.464  0.103E+03  0.497E+01  0.289E+03  0.318E+03  0.121E+02  0.996E+01  0.917E+02  0.621E+01
  1.465  0.103E+03  0.486E+01  0.286E+03  0.326E+03  0.124E+02  0.101E+02  0.923E+02  0.641E+01
  1.466  0.104E+03  0.475E+01  0.283E+03  0.333E+03  0.126E+02  0.103E+02  0.930E+02  0.661E+01
  1.467  0.105E+03  0.463E+01  0.279E+03  0.341E+03  0.128E+02  0.106E+02  0.936E+02  0.683E+01
  1.468  0.106E+03  0.451E+01  0.275E+03  0.349E+03  0.131E+02  0.108E+02  0.943E+02  0.707E+01
  1.469  0.106E+03  0.439E+01  0.271E+03  0.356E+03  0.134E+02  0.110E+02  0.950E+02  0.732E+01
  1.470  0.107E+03  0.426E+01  0.267E+03  0.364E+03  0.136E+02  0.112E+02  0.958E+02  0.758E+01
  1.471  0.108E+03  0.413E+01  0.262E+03  0.371E+03  0.139E+02  0.115E+02  0.966E+02  0.786E+01
  1.472  0.109E+03  0.400E+01  0.256E+03  0.379E+03  0.142E+02  0.117E+02  0.973E+02  0.817E+01
  1.473  0.110E+03  0.386E+01  0.251E+03  0.386E+03  0.144E+02  0.120E+02  0.982E+02  0.849E+01
  1.474  0.111E+03  0.372E+01  0.245E+03  0.394E+03  0.147E+02  0.123E+02  0.990E+02  0.883E+01
  1.475  0.112E+03  0.357E+01  0.239E+03  0.401E+03  0.150E+02  0.126E+02  0.100E+03  0.921E+01
  1.476  0.113E+03  0.342E+01  0.232E+03  0.408E+03  0.153E+02  0.129E+02  0.101E+03  0.961E+01
  1.477  0.114E+03  0.326E+01  0.225E+03  0.415E+03  0.156E+02  0.133E+02  0.102E+03  0.101E+02
  1.478  0.115E+03  0.310E+01  0.218E+03  0.421E+03  0.159E+02  0.136E+02  0.103E+03  0.105E+02
  1.479  0.116E+03  0.294E+01  0.210E+03  0.428E+03  0.162E+02  0.140E+02  0.104E+03  0.111E+02
  1.480  0.117E+03  0.277E+01  0.202E+03  0.434E+03  0.165E+02  0.144E+02  0.105E+03  0.116E+02
  1.481  0.118E+03  0.259E+01  0.194E+03  0.440E+03  0.168E+02  0.149E+02  0.107E+03  0.123E+02
  1.482  0.120E+03  0.241E+01  0.186E+03  0.445E+03  0.172E+02  0.154E+02  0.108E+03  0.130E+02
  1.483  0.121E+03  0.222E+01  0.177E+03  0.451E+03  0.175E+02  0.159E+02  0.110E+03  0.139E+02
  1.484  0.123E+03  0.201E+01  0.168E+03  0.456E+03  0.178E+02  0.165E+02  0.112E+03  0.149E+02
  1.485  0.125E+03  0.179E+01  0.158E+03  0.460E+03  0.182E+02  0.172E+02  0.114E+03  0.163E+02
  1.486  0.128E+03  0.142E+01  0.149E+03  0.465E+03  0.185E+02  0.185E+02  0.119E+03  0.196E+02
  1.487  0.130E+03  0.421E+01  0.139E+03  0.469E+03  0.179E+02  0.189E+02  0.117E+03  0.249E+02
  1.488  0.131E+03  0.541E+01  0.129E+03  0.472E+03  0.178E+02  0.193E+02  0.116E+03  0.272E+02
  1.489  0.132E+03  0.638E+01  0.119E+03  0.475E+03  0.177E+02  0.198E+02  0.115E+03  0.291E+02
  1.490  0.133E+03  0.725E+01  0.109E+03  0.478E+03  0.177E+02  0.202E+02  0.114E+03  0.308E+02
  1.491  0.134E+03  0.805E+01  0.981E+02  0.480E+03  0.177E+02  0.207E+02  0.114E+03  0.324E+02
  1.492  0.135E+03  0.882E+01  0.876E+02  0.482E+03  0.177E+02  0.212E+02  0.113E+03  0.338E+02
  1.493  0.136E+03  0.957E+01  0.770E+02  0.484E+03  0.177E+02  0.216E+02  0.112E+03  0.351E+02
  1.494  0.137E+03  0.103E+02  0.663E+02  0.485E+03  0.177E+02  0.221E+02  0.112E+03  0.364E+02
  1.495  0.138E+03  0.110E+02  0.556E+02  0.485E+03  0.177E+02  0.226E+02  0.111E+03  0.377E+02
  1.496  0.139E+03  0.118E+02  0.449E+02  0.486E+03  0.177E+02  0.231E+02  0.111E+03  0.389E+02
  1.497  0.140E+03  0.125E+02  0.342E+02  0.485E+03  0.177E+02  0.236E+02  0.110E+03  0.400E+02
  1.498  0.141E+03  0.132E+02  0.236E+02  0.485E+03  0.177E+02  0.241E+02  0.110E+03  0.412E+02
  1.499  0.142E+03  0.140E+02  0.130E+02  0.484E+03  0.176E+02  0.247E+02  0.109E+03  0.422E+02
  1.500  0.143E+03  0.147E+02  0.257E+01  0.482E+03  0.176E+02  0.252E+02  0.109E+03  0.433E+02
  1.501  0.144E+03  0.155E+02 -0.777E+01  0.480E+03  0.175E+02  0.257E+02  0.108E+03  0.443E+02
  1.502  0.145E+03  0.163E+02 -0.180E+02  0.478E+03  0.174E+02  0.263E+02  0.108E+03  0.454E+02
  1.503  0.146E+03  0.171E+02 -0.280E+02  0.475E+03  0.173E+02  0.268E+02  0.107E+03  0.463E+02
  1.504  0.147E+03  0.179E+02 -0.379E+02  0.472E+03  0.172E+02  0.273E+02  0.107E+03  0.473E+02
  1.505  0.148E+03  0.187E+02 -0.475E+02  0.469E+03  0.171E+02  0.279E+02  0.106E+03  0.482E+02
  1.506  0.150E+03  0.195E+02 -0.570E+02  0.465E+03  0.170E+02  0.284E+02  0.105E+03  0.491E+02
  1.507  0.151E+03  0.204E+02 -0.662E+02  0.461E+03  0.168E+02  0.290E+02  0.105E+03  0.500E+02
  1.508  0.152E+03  0.212E+02 -0.752E+02  0.456E+03  0.167E+02  0.295E+02  0.104E+03  0.509E+02
  1.509  0.153E+03  0.221E+02 -0.840E+02  0.452E+03  0.165E+02  0.301E+02  0.104E+03  0.517E+02
  1.510  0.154E+03  0.230E+02 -0.925E+02  0.447E+03  0.163E+02  0.307E+02  0.103E+03  0.525E+02
  1.511  0.155E+03  0.239E+02 -0.101E+03  0.441E+03  0.160E+02  0.312E+02  0.102E+03  0.533E+02
  1.512  0.156E+03  0.248E+02 -0.109E+03  0.436E+03  0.158E+02  0.318E+02  0.102E+03  0.540E+02
  1.513  0.157E+03  0.258E+02 -0.116E+03  0.430E+03  0.155E+02  0.323E+02  0.101E+03  0.547E+02
  1.514  0.158E+03  0.267E+02 -0.124E+03  0.424E+03  0.152E+02  0.328E+02  0.100E+03  0.554E+02
  1.515  0.159E+03  0.277E+02 -0.131E+03  0.418E+03  0.149E+02  0.334E+02  0.997E+02  0.561E+02
  1.516  0.160E+03  0.287E+02 -0.137E+03  0.412E+03  0.146E+02  0.339E+02  0.990E+02  0.567E+02
  1.517  0.161E+03  0.297E+02 -0.144E+03  0.406E+03  0.143E+02  0.344E+02  0.983E+02  0.573E+02
  1.518  0.162E+03  0.307E+02 -0.150E+03  0.399E+03  0.139E+02  0.349E+02  0.976E+02  0.579E+02
  1.519  0.163E+03  0.317E+02 -0.156E+03  0.393E+03  0.136E+02  0.354E+02  0.969E+02  0.584E+02
  1.520  0.164E+03  0.327E+02 -0.161E+03  0.386E+03  0.132E+02  0.359E+02  0.963E+02  0.589E+02
  1.521  0.165E+03  0.337E+02 -0.167E+03  0.379E+03  0.128E+02  0.364E+02  0.956E+02  0.594E+02
  1.522  0.166E+03  0.348E+02 -0.172E+03  0.372E+03  0.124E+02  0.368E+02  0.949E+02  0.598E+02
  1.523  0.167E+03  0.358E+02 -0.176E+03  0.365E+03  0.119E+02  0.373E+02  0.942E+02  0.602E+02
  1.524  0.168E+03  0.369E+02 -0.181E+03  0.358E+03  0.115E+02  0.377E+02  0.936E+02  0.606E+02
  1.525  0.169E+03  0.380E+02 -0.185E+03  0.351E+03  0.110E+02  0.381E+02  0.929E+02  0.609E+02
  1.526  0.170E+03  0.391E+02 -0.189E+03  0.344E+03  0.106E+02  0.385E+02  0.923E+02  0.612E+02
  1.527  0.171E+03  0.401E+02 -0.192E+03  0.337E+03  0.101E+02  0.389E+02  0.917E+02  0.615E+02
  1.528  0.172E+03  0.412E+02 -0.195E+03  0.330E+03  0.961E+01  0.393E+02  0.911E+02  0.617E+02
  1.529  0.173E+03  0.423E+02 -0.198E+03  0.322E+03  0.911E+01  0.396E+02  0.905E+02  0.620E+02
  1.530  0.174E+03  0.434E+02 -0.201E+03  0.315E+03  0.860E+01  0.399E+02  0.900E+02  0.622E+02
  1.531  0.175E+03  0.445E+02 -0.204E+03  0.308E+03  0.808E+01  0.403E+02  0.895E+02  0.623E+02
  1.532  0.177E+03  0.457E+02 -0.206E+03  0.301E+03  0.756E+01  0.405E+02  0.890E+02  0.625E+02
  1.533  0.178E+03  0.468E+02 -0.208E+03  0.294E+03  0.703E+01  0.408E+02  0.885E+02  0.626E+02
  1.534  0.179E+03  0.479E+02 -0.210E+03  0.287E+03  0.650E+01  0.411E+02  0.881E+02  0.627E+02
  1.535  0.180E+03  0.490E+02 -0.211E+03  0.281E+03  0.596E+01  0.413E+02  0.877E+02  0.628E+02
  1.536  0.181E+03  0.502E+02 -0.212E+03  0.274E+03  0.543E+01  0.415E+02  0.873E+02  0.629E+02
  1.537  0.182E+03  0.513E+02 -0.213E+03  0.267E+03  0.489E+01  0.417E+02  0.870E+02  0.629E+02
  1.538  0.183E+03  0.524E+02 -0.214E+03  0.260E+03  0.435E+01  0.419E+02  0.867E+02  0.630E+02
  1.539  0.184E+03  0.536E+02 -0.215E+03  0.254E+03  0.381E+01  0.421E+02  0.864E+02  0.630E+02
  1.540  0.185E+03  0.547E+02 -0.215E+03  0.247E+03  0.327E+01  0.422E+02  0.862E+02  0.630E+02
  1.541  0.187E+03  0.559E+02 -0.215E+03  0.241E+03  0.274E+01  0.423E+02  0.860E+02  0.630E+02
  1.542  0.188E+03  0.570E+02 -0.216E+03  0.235E+03  0.221E+01  0.424E+02  0.859E+02  0.630E+02
  1.543  0.189E+03  0.582E+02 -0.215E+03  0.229E+03  0.168E+01  0.425E+02  0.858E+02  0.631E+02
  1.544  0.190E+03  0.594E+02 -0.215E+03  0.223E+03  0.116E+01  0.426E+02  0.858E+02  0.631E+02
  1.545  0.192E+03  0.606E+02 -0.215E+03  0.217E+03  0.645E+00  0.426E+02  0.858E+02  0.631E+02
  1.546  0.193E+03  0.618E+02 -0.214E+03  0.211E+03  0.136E+00  0.427E+02  0.858E+02  0.631E+02
  1.547  0.195E+03  0.630E+02 -0.213E+03  0.205E+03 -0.367E+00  0.427E+02  0.859E+02  0.631E+02
  1.548  0.196E+03  0.642E+02 -0.212E+03  0.200E+03 -0.862E+00  0.427E+02  0.860E+02  0.632E+02
  1.549  0.198E+03  0.654E+02 -0.211E+03  0.195E+03 -0.135E+01  0.427E+02  0.862E+02  0.632E+02
  1.550  0.199E+03  0.667E+02 -0.210E+03  0.189E+03 -0.183E+01  0.427E+02  0.865E+02  0.633E+02
  1.551  0.201E+03  0.680E+02 -0.209E+03  0.184E+03 -0.230E+01  0.427E+02  0.868E+02  0.634E+02
  1.552  0.202E+03  0.693E+02 -0.207E+03  0.180E+03 -0.276E+01  0.426E+02  0.871E+02  0.635E+02
  1.553  0.204E+03  0.706E+02 -0.206E+03  0.175E+03 -0.321E+01  0.426E+02  0.875E+02  0.637E+02
  1.554  0.206E+03  0.720E+02 -0.204E+03  0.170E+03 -0.365E+01  0.425E+02  0.880E+02  0.639E+02
  1.555  0.208E+03  0.734E+02 -0.203E+03  0.166E+03 -0.408E+01  0.425E+02  0.885E+02  0.641E+02
  1.556  0.210E+03  0.749E+02 -0.201E+03  0.161E+03 -0.450E+01  0.424E+02  0.891E+02  0.643E+02
  1.557  0.212E+03  0.763E+02 -0.199E+03  0.157E+03 -0.491E+01  0.423E+02  0.897E+02  0.646E+02
  1.558  0.214E+03  0.779E+02 -0.197E+03  0.153E+03 -0.531E+01  0.422E+02  0.904E+02  0.650E+02
  1.559  0.216E+03  0.795E+02 -0.195E+03  0.149E+03 -0.570E+01  0.421E+02  0.911E+02  0.653E+02
  1.560  0.219E+03  0.811E+02 -0.193E+03  0.146E+03 -0.607E+01  0.420E+02  0.919E+02  0.658E+02
  1.561  0.221E+03  0.828E+02 -0.191E+03  0.142E+03 -0.644E+01  0.419E+02  0.928E+02  0.663E+02
  1.562  0.224E+03  0.846E+02 -0.189E+03  0.139E+03 -0.680E+01  0.418E+02  0.937E+02  0.669E+02
  1.563  0.226E+03  0.865E+02 -0.187E+03  0.135E+03 -0.715E+01  0.416E+02  0.946E+02  0.675E+02
  1.564  0.229E+03  0.884E+02 -0.185E+03  0.132E+03 -0.748E+01  0.415E+02  0.957E+02  0.682E+02
  1.565  0.232E+03  0.905E+02 -0.183E+03  0.129E+03 -0.781E+01  0.414E+02  0.968E+02  0.690E+02
  1.566  0.235E+03  0.927E+02 -0.181E+03  0.126E+03 -0.812E+01  0.413E+02  0.979E+02  0.699E+02
  1.567  0.238E+03  0.949E+02 -0.179E+03  0.123E+03 -0.843E+01  0.411E+02  0.992E+02  0.709E+02
  1.568  0.242E+03  0.974E+02 -0.177E+03  0.121E+03 -0.872E+01  0.410E+02  0.100E+03  0.720E+02
  1.569  0.245E+03  0.100E+03 -0.175E+03  0.118E+03 -0.901E+01  0.408E+02  0.102E+03  0.732E+02
  1.570  0.249E+03  0.103E+03 -0.173E+03  0.116E+03 -0.929E+01  0.407E+02  0.103E+03  0.746E+02
  1.571  0.253E+03  0.106E+03 -0.170E+03  0.113E+03 -0.955E+01  0.406E+02  0.105E+03  0.761E+02
  1.572  0.257E+03  0.109E+03 -0.168E+03  0.111E+03 -0.981E+01  0.404E+02  0.106E+03  0.777E+02
  1.573  0.261E+03  0.112E+03 -0.166E+03  0.109E+03 -0.101E+02  0.403E+02  0.108E+03  0.795E+02
  1.574  0.266E+03  0.116E+03 -0.164E+03  0.107E+03 -0.103E+02  0.401E+02  0.110E+03  0.815E+02
  1.575  0.270E+03  0.120E+03 -0.162E+03  0.105E+03 -0.105E+02  0.400E+02  0.111E+03  0.837E+02
  1.576  0.275E+03  0.124E+03 -0.161E+03  0.103E+03 -0.108E+02  0.398E+02  0.113E+03  0.862E+02
  1.577  0.280E+03  0.129E+03 -0.159E+03  0.101E+03 -0.110E+02  0.397E+02  0.115E+03  0.888E+02
  1.578  0.286E+03  0.134E+03 -0.157E+03  0.994E+02 -0.112E+02  0.396E+02  0.117E+03  0.918E+02
  1.579  0.291E+03  0.139E+03 -0.155E+03  0.977E+02 -0.114E+02  0.394E+02  0.119E+03  0.950E+02
  1.580  0.297E+03  0.145E+03 -0.153E+03  0.961E+02 -0.116E+02  0.393E+02  0.120E+03  0.986E+02
  1.581  0.303E+03  0.152E+03 -0.151E+03  0.946E+02 -0.118E+02  0.392E+02  0.122E+03  0.103E+03
  1.582  0.310E+03  0.160E+03 -0.150E+03  0.931E+02 -0.120E+02  0.390E+02  0.124E+03  0.107E+03
  1.583  0.316E+03  0.168E+03 -0.148E+03  0.917E+02 -0.121E+02  0.389E+02  0.126E+03  0.112E+03
  1.584  0.323E+03  0.177E+03 -0.146E+03  0.904E+02 -0.123E+02  0.388E+02  0.128E+03  0.117E+03
  1.585  0.330E+03  0.187E+03 -0.145E+03  0.891E+02 -0.125E+02  0.387E+02  0.129E+03  0.123E+03
  1.586  0.337E+03  0.198E+03 -0.143E+03  0.878E+02 -0.126E+02  0.386E+02  0.131E+03  0.129E+03
  1.587  0.344E+03  0.211E+03 -0.141E+03  0.866E+02 -0.128E+02  0.384E+02  0.132E+03  0.136E+03
  1.588  0.351E+03  0.225E+03 -0.140E+03  0.855E+02 -0.130E+02  0.383E+02  0.132E+03  0.144E+03
  1.589  0.358E+03  0.241E+03 -0.138E+03  0.843E+02 -0.131E+02  0.382E+02  0.133E+03  0.153E+03
  1.590  0.364E+03  0.258E+03 -0.137E+03  0.833E+02 -0.133E+02  0.381E+02  0.132E+03  0.162E+03
  1.591  0.370E+03  0.278E+03 -0.135E+03  0.822E+02 -0.134E+02  0.380E+02  0.131E+03  0.173E+03
  1.592  0.374E+03  0.300E+03 -0.134E+03  0.812E+02 -0.136E+02  0.380E+02  0.128E+03  0.184E+03
  1.593  0.376E+03  0.324E+03 -0.133E+03  0.802E+02 -0.137E+02  0.379E+02  0.124E+03  0.196E+03
  1.594  0.377E+03  0.351E+03 -0.131E+03  0.793E+02 -0.139E+02  0.378E+02  0.119E+03  0.208E+03
  1.595  0.374E+03  0.380E+03 -0.130E+03  0.784E+02 -0.140E+02  0.377E+02  0.111E+03  0.221E+03
  1.596  0.367E+03  0.411E+03 -0.129E+03  0.775E+02 -0.142E+02  0.376E+02  0.101E+03  0.234E+03
  1.597  0.356E+03  0.444E+03 -0.127E+03  0.766E+02 -0.143E+02  0.375E+02  0.881E+02  0.247E+03
  1.598  0.339E+03  0.477E+03 -0.126E+03  0.758E+02 -0.145E+02  0.375E+02  0.722E+02  0.259E+03
  1.599  0.316E+03  0.510E+03 -0.125E+03  0.749E+02 -0.147E+02  0.374E+02  0.532E+02  0.269E+03
  1.600  0.286E+03  0.541E+03 -0.124E+03  0.741E+02 -0.149E+02  0.373E+02  0.314E+02  0.276E+03
  1.601  0.249E+03  0.567E+03 -0.123E+03  0.733E+02 -0.150E+02  0.372E+02  0.734E+01  0.279E+03
  1.602  0.207E+03  0.587E+03 -0.122E+03  0.726E+02 -0.152E+02  0.371E+02 -0.182E+02  0.278E+03
  1.603  0.161E+03  0.599E+03 -0.120E+03  0.718E+02 -0.154E+02  0.369E+02 -0.438E+02  0.272E+03
  1.604  0.112E+03  0.603E+03 -0.119E+03  0.711E+02 -0.156E+02  0.368E+02 -0.689E+02  0.260E+03
  1.605  0.654E+02  0.596E+03 -0.118E+03  0.704E+02 -0.157E+02  0.367E+02 -0.902E+02  0.244E+03
  1.606  0.209E+02  0.581E+03 -0.117E+03  0.697E+02 -0.159E+02  0.366E+02 -0.109E+03  0.223E+03
  1.607 -0.188E+02  0.559E+03 -0.116E+03  0.690E+02 -0.160E+02  0.364E+02 -0.122E+03  0.200E+03
  1.608 -0.523E+02  0.529E+03 -0.115E+03  0.683E+02 -0.162E+02  0.363E+02 -0.132E+03  0.174E+03
  1.609 -0.791E+02  0.493E+03 -0.114E+03  0.676E+02 -0.164E+02  0.361E+02 -0.136E+03  0.144E+03
  1.610 -0.984E+02  0.431E+03 -0.113E+03  0.670E+02 -0.167E+02  0.357E+02 -0.129E+03  0.961E+02
  1.611 -0.682E+02  0.419E+03 -0.113E+03  0.663E+02 -0.165E+02  0.355E+02 -0.967E+02  0.987E+02
  1.612 -0.639E+02  0.409E+03 -0.112E+03  0.657E+02 -0.164E+02  0.353E+02 -0.857E+02  0.964E+02
  1.613 -0.633E+02  0.400E+03 -0.111E+03  0.651E+02 -0.164E+02  0.353E+02 -0.783E+02  0.939E+02
  1.614 -0.646E+02  0.393E+03 -0.110E+03  0.645E+02 -0.165E+02  0.352E+02 -0.727E+02  0.915E+02
  1.615 -0.667E+02  0.386E+03 -0.109E+03  0.639E+02 -0.165E+02  0.351E+02 -0.682E+02  0.893E+02
  1.616 -0.695E+02  0.379E+03 -0.108E+03  0.633E+02 -0.165E+02  0.350E+02 -0.645E+02  0.871E+02
  1.617 -0.726E+02  0.372E+03 -0.107E+03  0.627E+02 -0.166E+02  0.350E+02 -0.613E+02  0.851E+02
  1.618 -0.758E+02  0.366E+03 -0.106E+03  0.621E+02 -0.166E+02  0.349E+02 -0.585E+02  0.832E+02
  1.619 -0.793E+02  0.360E+03 -0.106E+03  0.615E+02 -0.167E+02  0.349E+02 -0.561E+02  0.814E+02
  1.620 -0.827E+02  0.354E+03 -0.105E+03  0.610E+02 -0.167E+02  0.348E+02 -0.539E+02  0.797E+02
  1.621 -0.862E+02  0.349E+03 -0.104E+03  0.604E+02 -0.168E+02  0.347E+02 -0.519E+02  0.781E+02
  1.622 -0.897E+02  0.343E+03 -0.103E+03  0.599E+02 -0.169E+02  0.347E+02 -0.502E+02  0.766E+02
  1.623 -0.931E+02  0.337E+03 -0.103E+03  0.593E+02 -0.169E+02  0.346E+02 -0.485E+02  0.752E+02
  1.624 -0.965E+02  0.332E+03 -0.102E+03  0.588E+02 -0.170E+02  0.346E+02 -0.470E+02  0.738E+02
  1.625 -0.998E+02  0.327E+03 -0.101E+03  0.583E+02 -0.171E+02  0.345E+02 -0.457E+02  0.725E+02
  1.626 -0.103E+03  0.321E+03 -0.100E+03  0.577E+02 -0.171E+02  0.344E+02 -0.444E+02  0.713E+02
  1.627 -0.106E+03  0.316E+03 -0.996E+02  0.572E+02 -0.172E+02  0.344E+02 -0.432E+02  0.701E+02
  1.628 -0.109E+03  0.311E+03 -0.989E+02  0.567E+02 -0.173E+02  0.343E+02 -0.420E+02  0.690E+02
  1.629 -0.112E+03  0.305E+03 -0.982E+02  0.562E+02 -0.174E+02  0.343E+02 -0.410E+02  0.679E+02
  1.630 -0.115E+03  0.300E+03 -0.976E+02  0.557E+02 -0.174E+02  0.342E+02 -0.400E+02  0.668E+02
  1.631 -0.118E+03  0.295E+03 -0.969E+02  0.552E+02 -0.175E+02  0.342E+02 -0.390E+02  0.658E+02
  1.632 -0.120E+03  0.290E+03 -0.962E+02  0.547E+02 -0.176E+02  0.341E+02 -0.381E+02  0.649E+02
  1.633 -0.123E+03  0.285E+03 -0.956E+02  0.542E+02 -0.176E+02  0.340E+02 -0.373E+02  0.640E+02
  1.634 -0.125E+03  0.280E+03 -0.949E+02  0.537E+02 -0.177E+02  0.340E+02 -0.365E+02  0.631E+02
  1.635 -0.127E+03  0.275E+03 -0.943E+02  0.532E+02 -0.178E+02  0.339E+02 -0.357E+02  0.622E+02
  1.636 -0.129E+03  0.270E+03 -0.936E+02  0.527E+02 -0.179E+02  0.339E+02 -0.350E+02  0.614E+02
  1.637 -0.131E+03  0.265E+03 -0.930E+02  0.523E+02 -0.179E+02  0.338E+02 -0.343E+02  0.607E+02
  1.638 -0.133E+03  0.260E+03 -0.924E+02  0.518E+02 -0.180E+02  0.337E+02 -0.336E+02  0.599E+02
  1.639 -0.135E+03  0.255E+03 -0.918E+02  0.513E+02 -0.181E+02  0.337E+02 -0.330E+02  0.592E+02
  1.640 -0.137E+03  0.250E+03 -0.912E+02  0.509E+02 -0.181E+02  0.336E+02 -0.324E+02  0.585E+02
  1.641 -0.138E+03  0.245E+03 -0.906E+02  0.504E+02 -0.182E+02  0.336E+02 -0.318E+02  0.578E+02
  1.642 -0.140E+03  0.240E+03 -0.900E+02  0.499E+02 -0.183E+02  0.335E+02 -0.312E+02  0.572E+02
  1.643 -0.141E+03  0.236E+03 -0.894E+02  0.495E+02 -0.183E+02  0.334E+02 -0.306E+02  0.565E+02
  1.644 -0.142E+03  0.231E+03 -0.888E+02  0.490E+02 -0.184E+02  0.334E+02 -0.301E+02  0.559E+02
  1.645 -0.143E+03  0.226E+03 -0.882E+02  0.486E+02 -0.185E+02  0.333E+02 -0.296E+02  0.553E+02
  1.646 -0.144E+03  0.222E+03 -0.877E+02  0.482E+02 -0.185E+02  0.332E+02 -0.291E+02  0.548E+02
  1.647 -0.145E+03  0.217E+03 -0.871E+02  0.477E+02 -0.186E+02  0.332E+02 -0.287E+02  0.542E+02
  1.648 -0.146E+03  0.213E+03 -0.865E+02  0.473E+02 -0.186E+02  0.331E+02 -0.282E+02  0.537E+02
  1.649 -0.147E+03  0.208E+03 -0.860E+02  0.468E+02 -0.187E+02  0.331E+02 -0.278E+02  0.532E+02
  1.650 -0.147E+03  0.204E+03 -0.854E+02  0.464E+02 -0.188E+02  0.330E+02 -0.273E+02  0.527E+02
  1.651 -0.148E+03  0.200E+03 -0.849E+02  0.460E+02 -0.188E+02  0.329E+02 -0.269E+02  0.522E+02
  1.652 -0.148E+03  0.196E+03 -0.843E+02  0.456E+02 -0.189E+02  0.329E+02 -0.265E+02  0.518E+02
  1.653 -0.149E+03  0.191E+03 -0.838E+02  0.451E+02 -0.189E+02  0.328E+02 -0.262E+02  0.513E+02
  1.654 -0.149E+03  0.187E+03 -0.833E+02  0.447E+02 -0.190E+02  0.327E+02 -0.258E+02  0.509E+02
  1.655 -0.149E+03  0.183E+03 -0.827E+02  0.443E+02 -0.190E+02  0.327E+02 -0.254E+02  0.505E+02
  1.656 -0.149E+03  0.179E+03 -0.822E+02  0.439E+02 -0.191E+02  0.326E+02 -0.251E+02  0.501E+02
  1.657 -0.149E+03  0.175E+03 -0.817E+02  0.435E+02 -0.191E+02  0.326E+02 -0.248E+02  0.497E+02
  1.658 -0.149E+03  0.171E+03 -0.812E+02  0.431E+02 -0.192E+02  0.325E+02 -0.244E+02  0.493E+02
  1.659 -0.149E+03  0.168E+03 -0.806E+02  0.427E+02 -0.192E+02  0.324E+02 -0.241E+02  0.489E+02
  1.660 -0.149E+03  0.164E+03 -0.801E+02  0.423E+02 -0.193E+02  0.324E+02 -0.238E+02  0.485E+02
  1.661 -0.149E+03  0.160E+03 -0.796E+02  0.419E+02 -0.193E+02  0.323E+02 -0.235E+02  0.482E+02
  1.662 -0.148E+03  0.156E+03 -0.791E+02  0.415E+02 -0.194E+02  0.323E+02 -0.233E+02  0.479E+02
  1.663 -0.148E+03  0.153E+03 -0.786E+02  0.411E+02 -0.194E+02  0.322E+02 -0.230E+02  0.475E+02
  1.664 -0.148E+03  0.149E+03 -0.781E+02  0.407E+02 -0.195E+02  0.321E+02 -0.227E+02  0.472E+02
  1.665 -0.147E+03  0.146E+03 -0.776E+02  0.403E+02 -0.195E+02  0.321E+02 -0.225E+02  0.469E+02
  1.666 -0.147E+03  0.143E+03 -0.771E+02  0.399E+02 -0.195E+02  0.320E+02 -0.222E+02  0.466E+02
  1.667 -0.146E+03  0.139E+03 -0.766E+02  0.395E+02 -0.196E+02  0.319E+02 -0.220E+02  0.463E+02
  1.668 -0.145E+03  0.136E+03 -0.761E+02  0.392E+02 -0.196E+02  0.319E+02 -0.218E+02  0.460E+02
  1.669 -0.145E+03  0.133E+03 -0.756E+02  0.388E+02 -0.196E+02  0.318E+02 -0.215E+02  0.457E+02
  1.670 -0.144E+03  0.130E+03 -0.752E+02  0.384E+02 -0.197E+02  0.318E+02 -0.213E+02  0.454E+02
  1.671 -0.143E+03  0.127E+03 -0.747E+02  0.380E+02 -0.197E+02  0.317E+02 -0.211E+02  0.452E+02
  1.672 -0.143E+03  0.123E+03 -0.742E+02  0.376E+02 -0.198E+02  0.316E+02 -0.209E+02  0.449E+02
  1.673 -0.142E+03  0.121E+03 -0.737E+02  0.373E+02 -0.198E+02  0.316E+02 -0.207E+02  0.447E+02
  1.674 -0.141E+03  0.118E+03 -0.732E+02  0.369E+02 -0.198E+02  0.315E+02 -0.205E+02  0.444E+02
  1.675 -0.140E+03  0.115E+03 -0.728E+02  0.365E+02 -0.199E+02  0.315E+02 -0.204E+02  0.442E+02
  1.676 -0.139E+03  0.112E+03 -0.723E+02  0.362E+02 -0.199E+02  0.314E+02 -0.202E+02  0.439E+02
  1.677 -0.138E+03  0.109E+03 -0.718E+02  0.358E+02 -0.199E+02  0.314E+02 -0.200E+02  0.437E+02
  1.678 -0.137E+03  0.107E+03 -0.713E+02  0.354E+02 -0.199E+02  0.313E+02 -0.199E+02  0.435E+02
  1.679 -0.136E+03  0.104E+03 -0.709E+02  0.351E+02 -0.200E+02  0.312E+02 -0.197E+02  0.432E+02
  1.680 -0.135E+03  0.101E+03 -0.704E+02  0.347E+02 -0.200E+02  0.312E+02 -0.196E+02  0.430E+02
  1.681 -0.134E+03  0.988E+02 -0.699E+02  0.343E+02 -0.200E+02  0.311E+02 -0.194E+02  0.428E+02
  1.682 -0.133E+03  0.964E+02 -0.695E+02  0.340E+02 -0.200E+02  0.311E+02 -0.193E+02  0.426E+02
  1.683 -0.132E+03  0.939E+02 -0.690E+02  0.336E+02 -0.201E+02  0.310E+02 -0.191E+02  0.424E+02
  1.684 -0.131E+03  0.916E+02 -0.685E+02  0.332E+02 -0.201E+02  0.310E+02 -0.190E+02  0.422E+02
  1.685 -0.130E+03  0.893E+02 -0.681E+02  0.329E+02 -0.201E+02  0.309E+02 -0.189E+02  0.420E+02
  1.686 -0.128E+03  0.870E+02 -0.676E+02  0.325E+02 -0.201E+02  0.308E+02 -0.187E+02  0.418E+02
  1.687 -0.127E+03  0.848E+02 -0.671E+02  0.322E+02 -0.202E+02  0.308E+02 -0.186E+02  0.416E+02
  1.688 -0.126E+03  0.826E+02 -0.667E+02  0.318E+02 -0.202E+02  0.307E+02 -0.185E+02  0.414E+02
  1.689 -0.125E+03  0.805E+02 -0.662E+02  0.315E+02 -0.202E+02  0.307E+02 -0.184E+02  0.413E+02
  1.690 -0.124E+03  0.784E+02 -0.657E+02  0.311E+02 -0.202E+02  0.306E+02 -0.183E+02  0.411E+02
  1.691 -0.122E+03  0.763E+02 -0.652E+02  0.308E+02 -0.202E+02  0.306E+02 -0.182E+02  0.409E+02
  1.692 -0.121E+03  0.743E+02 -0.648E+02  0.304E+02 -0.203E+02  0.305E+02 -0.181E+02  0.407E+02
  1.693 -0.120E+03  0.724E+02 -0.643E+02  0.301E+02 -0.203E+02  0.305E+02 -0.180E+02  0.406E+02
  1.694 -0.118E+03  0.705E+02 -0.638E+02  0.297E+02 -0.203E+02  0.304E+02 -0.179E+02  0.404E+02
  1.695 -0.117E+03  0.686E+02 -0.634E+02  0.294E+02 -0.203E+02  0.304E+02 -0.178E+02  0.402E+02
  1.696 -0.116E+03  0.667E+02 -0.629E+02  0.290E+02 -0.203E+02  0.303E+02 -0.177E+02  0.401E+02
  1.697 -0.114E+03  0.649E+02 -0.624E+02  0.287E+02 -0.203E+02  0.303E+02 -0.176E+02  0.399E+02
  1.698 -0.113E+03  0.632E+02 -0.619E+02  0.283E+02 -0.203E+02  0.302E+02 -0.176E+02  0.398E+02
  1.699 -0.112E+03  0.615E+02 -0.614E+02  0.280E+02 -0.204E+02  0.302E+02 -0.175E+02  0.396E+02
  1.700 -0.110E+03  0.598E+02 -0.609E+02  0.276E+02 -0.204E+02  0.301E+02 -0.174E+02  0.395E+02
  1.701 -0.109E+03  0.581E+02 -0.604E+02  0.273E+02 -0.204E+02  0.301E+02 -0.173E+02  0.393E+02
  1.702 -0.108E+03  0.565E+02 -0.599E+02  0.269E+02 -0.204E+02  0.300E+02 -0.173E+02  0.392E+02
  1.703 -0.106E+03  0.549E+02 -0.594E+02  0.265E+02 -0.204E+02  0.299E+02 -0.172E+02  0.390E+02
  1.704 -0.105E+03  0.533E+02 -0.589E+02  0.262E+02 -0.204E+02  0.299E+02 -0.171E+02  0.389E+02
  1.705 -0.103E+03  0.518E+02 -0.584E+02  0.258E+02 -0.204E+02  0.298E+02 -0.171E+02  0.387E+02
  1.706 -0.102E+03  0.503E+02 -0.579E+02  0.255E+02 -0.204E+02  0.298E+02 -0.170E+02  0.386E+02
  1.707 -0.100E+03  0.489E+02 -0.573E+02  0.251E+02 -0.204E+02  0.297E+02 -0.169E+02  0.385E+02
  1.708 -0.988E+02  0.474E+02 -0.568E+02  0.248E+02 -0.205E+02  0.297E+02 -0.169E+02  0.383E+02
  1.709 -0.972E+02  0.460E+02 -0.562E+02  0.244E+02 -0.205E+02  0.296E+02 -0.168E+02  0.382E+02
  1.710 -0.956E+02  0.447E+02 -0.557E+02  0.241E+02 -0.205E+02  0.296E+02 -0.168E+02  0.381E+02
  1.711 -0.940E+02  0.433E+02 -0.551E+02  0.237E+02 -0.205E+02  0.295E+02 -0.167E+02  0.379E+02
  1.712 -0.923E+02  0.421E+02 -0.545E+02  0.233E+02 -0.205E+02  0.295E+02 -0.167E+02  0.378E+02
  1.713 -0.906E+02  0.408E+02 -0.538E+02  0.230E+02 -0.205E+02  0.294E+02 -0.166E+02  0.377E+02
  1.714 -0.888E+02  0.396E+02 -0.532E+02  0.226E+02 -0.205E+02  0.293E+02 -0.166E+02  0.376E+02
  1.715 -0.870E+02  0.384E+02 -0.525E+02  0.223E+02 -0.205E+02  0.293E+02 -0.165E+02  0.374E+02
  1.716 -0.851E+02  0.373E+02 -0.517E+02  0.220E+02 -0.205E+02  0.292E+02 -0.165E+02  0.373E+02
  1.717 -0.831E+02  0.364E+02 -0.510E+02  0.217E+02 -0.205E+02  0.291E+02 -0.164E+02  0.372E+02
  1.718 -0.810E+02  0.355E+02 -0.502E+02  0.214E+02 -0.205E+02  0.291E+02 -0.164E+02  0.371E+02
  1.719 -0.789E+02  0.348E+02 -0.493E+02  0.212E+02 -0.205E+02  0.290E+02 -0.164E+02  0.370E+02
  1.720 -0.767E+02  0.342E+02 -0.485E+02  0.211E+02 -0.205E+02  0.289E+02 -0.163E+02  0.369E+02
  1.721 -0.746E+02  0.340E+02 -0.476E+02  0.210E+02 -0.205E+02  0.288E+02 -0.163E+02  0.368E+02
  1.722 -0.725E+02  0.339E+02 -0.467E+02  0.211E+02 -0.204E+02  0.288E+02 -0.163E+02  0.367E+02
  1.723 -0.706E+02  0.340E+02 -0.459E+02  0.212E+02 -0.204E+02  0.287E+02 -0.162E+02  0.365E+02
  1.724 -0.688E+02  0.342E+02 -0.452E+02  0.213E+02 -0.203E+02  0.286E+02 -0.162E+02  0.364E+02
  1.725 -0.673E+02  0.344E+02 -0.445E+02  0.215E+02 -0.203E+02  0.286E+02 -0.162E+02  0.363E+02
  1.726 -0.658E+02  0.347E+02 -0.438E+02  0.217E+02 -0.203E+02  0.285E+02 -0.162E+02  0.362E+02
  1.727 -0.645E+02  0.350E+02 -0.432E+02  0.219E+02 -0.202E+02  0.285E+02 -0.161E+02  0.361E+02
  1.728 -0.633E+02  0.353E+02 -0.427E+02  0.221E+02 -0.202E+02  0.285E+02 -0.161E+02  0.360E+02
  1.729 -0.621E+02  0.356E+02 -0.422E+02  0.223E+02 -0.201E+02  0.284E+02 -0.161E+02  0.359E+02
  1.730 -0.611E+02  0.358E+02 -0.417E+02  0.224E+02 -0.201E+02  0.284E+02 -0.161E+02  0.358E+02
  1.731 -0.601E+02  0.361E+02 -0.412E+02  0.226E+02 -0.200E+02  0.284E+02 -0.160E+02  0.357E+02
  1.732 -0.592E+02  0.363E+02 -0.408E+02  0.228E+02 -0.200E+02  0.283E+02 -0.160E+02  0.356E+02
  1.733 -0.583E+02  0.365E+02 -0.404E+02  0.229E+02 -0.200E+02  0.283E+02 -0.160E+02  0.355E+02
  1.734 -0.574E+02  0.367E+02 -0.400E+02  0.231E+02 -0.199E+02  0.283E+02 -0.160E+02  0.354E+02
  1.735 -0.566E+02  0.369E+02 -0.396E+02  0.232E+02 -0.199E+02  0.282E+02 -0.160E+02  0.353E+02
  1.736 -0.559E+02  0.370E+02 -0.392E+02  0.234E+02 -0.198E+02  0.282E+02 -0.159E+02  0.352E+02
  1.737 -0.551E+02  0.372E+02 -0.389E+02  0.235E+02 -0.198E+02  0.282E+02 -0.159E+02  0.351E+02
  1.738 -0.544E+02  0.373E+02 -0.385E+02  0.236E+02 -0.198E+02  0.282E+02 -0.159E+02  0.350E+02
  1.739 -0.538E+02  0.374E+02 -0.382E+02  0.238E+02 -0.197E+02  0.282E+02 -0.159E+02  0.349E+02
  1.740 -0.531E+02  0.375E+02 -0.379E+02  0.239E+02 -0.197E+02  0.281E+02 -0.159E+02  0.348E+02
  1.741 -0.525E+02  0.376E+02 -0.376E+02  0.240E+02 -0.197E+02  0.281E+02 -0.159E+02  0.347E+02
  1.742 -0.519E+02  0.377E+02 -0.373E+02  0.241E+02 -0.196E+02  0.281E+02 -0.158E+02  0.346E+02
  1.743 -0.513E+02  0.378E+02 -0.370E+02  0.242E+02 -0.196E+02  0.281E+02 -0.158E+02  0.345E+02
  1.744 -0.507E+02  0.379E+02 -0.367E+02  0.243E+02 -0.196E+02  0.281E+02 -0.158E+02  0.345E+02
  1.745 -0.502E+02  0.379E+02 -0.364E+02  0.244E+02 -0.195E+02  0.281E+02 -0.158E+02  0.344E+02
  1.746 -0.496E+02  0.380E+02 -0.361E+02  0.245E+02 -0.195E+02  0.280E+02 -0.158E+02  0.343E+02
  1.747 -0.491E+02  0.381E+02 -0.358E+02  0.246E+02 -0.195E+02  0.280E+02 -0.158E+02  0.342E+02
  1.748 -0.486E+02  0.381E+02 -0.356E+02  0.246E+02 -0.194E+02  0.280E+02 -0.158E+02  0.341E+02
  1.749 -0.481E+02  0.381E+02 -0.353E+02  0.247E+02 -0.194E+02  0.280E+02 -0.157E+02  0.340E+02
  1.750 -0.476E+02  0.382E+02 -0.350E+02  0.248E+02 -0.194E+02  0.280E+02 -0.157E+02  0.339E+02
  1.751 -0.471E+02  0.382E+02 -0.348E+02  0.249E+02 -0.193E+02  0.280E+02 -0.157E+02  0.339E+02
  1.752 -0.467E+02  0.382E+02 -0.345E+02  0.249E+02 -0.193E+02  0.280E+02 -0.157E+02  0.338E+02
  1.753 -0.462E+02  0.383E+02 -0.343E+02  0.250E+02 -0.193E+02  0.280E+02 -0.157E+02  0.337E+02
  1.754 -0.458E+02  0.383E+02 -0.340E+02  0.250E+02 -0.193E+02  0.280E+02 -0.157E+02  0.336E+02
  1.755 -0.454E+02  0.383E+02 -0.338E+02  0.251E+02 -0.192E+02  0.279E+02 -0.157E+02  0.335E+02
  1.756 -0.450E+02  0.383E+02 -0.336E+02  0.252E+02 -0.192E+02  0.279E+02 -0.157E+02  0.334E+02
  1.757 -0.445E+02  0.383E+02 -0.333E+02  0.252E+02 -0.192E+02  0.279E+02 -0.157E+02  0.334E+02
  1.758 -0.441E+02  0.383E+02 -0.331E+02  0.253E+02 -0.191E+02  0.279E+02 -0.156E+02  0.333E+02
  1.759 -0.438E+02  0.383E+02 -0.329E+02  0.253E+02 -0.191E+02  0.279E+02 -0.156E+02  0.332E+02
  1.760 -0.434E+02  0.383E+02 -0.327E+02  0.254E+02 -0.191E+02  0.279E+02 -0.156E+02  0.331E+02
  1.761 -0.430E+02  0.383E+02 -0.325E+02  0.254E+02 -0.191E+02  0.279E+02 -0.156E+02  0.331E+02
  1.762 -0.426E+02  0.383E+02 -0.322E+02  0.255E+02 -0.190E+02  0.279E+02 -0.156E+02  0.330E+02
  1.763 -0.423E+02  0.383E+02 -0.320E+02  0.255E+02 -0.190E+02  0.279E+02 -0.156E+02  0.329E+02
  1.764 -0.419E+02  0.383E+02 -0.318E+02  0.255E+02 -0.190E+02  0.279E+02 -0.156E+02  0.328E+02
  1.765 -0.416E+02  0.383E+02 -0.316E+02  0.256E+02 -0.189E+02  0.279E+02 -0.156E+02  0.328E+02
  1.766 -0.412E+02  0.382E+02 -0.314E+02  0.256E+02 -0.189E+02  0.279E+02 -0.156E+02  0.327E+02
  1.767 -0.409E+02  0.382E+02 -0.312E+02  0.256E+02 -0.189E+02  0.279E+02 -0.155E+02  0.326E+02
  1.768 -0.406E+02  0.382E+02 -0.310E+02  0.257E+02 -0.189E+02  0.279E+02 -0.155E+02  0.325E+02
  1.769 -0.403E+02  0.382E+02 -0.308E+02  0.257E+02 -0.188E+02  0.278E+02 -0.155E+02  0.325E+02
  1.770 -0.399E+02  0.382E+02 -0.306E+02  0.257E+02 -0.188E+02  0.278E+02 -0.155E+02  0.324E+02
  1.771 -0.396E+02  0.381E+02 -0.304E+02  0.258E+02 -0.188E+02  0.278E+02 -0.155E+02  0.323E+02
  1.772 -0.393E+02  0.381E+02 -0.303E+02  0.258E+02 -0.188E+02  0.278E+02 -0.155E+02  0.323E+02
  1.773 -0.390E+02  0.381E+02 -0.301E+02  0.258E+02 -0.187E+02  0.278E+02 -0.155E+02  0.322E+02
  1.774 -0.387E+02  0.381E+02 -0.299E+02  0.259E+02 -0.187E+02  0.278E+02 -0.155E+02  0.321E+02
  1.775 -0.384E+02  0.380E+02 -0.297E+02  0.259E+02 -0.187E+02  0.278E+02 -0.155E+02  0.321E+02
  1.776 -0.382E+02  0.380E+02 -0.295E+02  0.259E+02 -0.186E+02  0.278E+02 -0.155E+02  0.320E+02
  1.777 -0.379E+02  0.380E+02 -0.294E+02  0.259E+02 -0.186E+02  0.278E+02 -0.155E+02  0.319E+02
  1.778 -0.376E+02  0.379E+02 -0.292E+02  0.259E+02 -0.186E+02  0.278E+02 -0.154E+02  0.319E+02
  1.779 -0.373E+02  0.379E+02 -0.290E+02  0.260E+02 -0.186E+02  0.278E+02 -0.154E+02  0.318E+02
  1.780 -0.371E+02  0.378E+02 -0.288E+02  0.260E+02 -0.185E+02  0.278E+02 -0.154E+02  0.318E+02
  1.781 -0.368E+02  0.378E+02 -0.287E+02  0.260E+02 -0.185E+02  0.278E+02 -0.154E+02  0.317E+02
  1.782 -0.366E+02  0.378E+02 -0.285E+02  0.260E+02 -0.185E+02  0.278E+02 -0.154E+02  0.316E+02
  1.783 -0.363E+02  0.377E+02 -0.283E+02  0.260E+02 -0.185E+02  0.278E+02 -0.154E+02  0.316E+02
  1.784 -0.360E+02  0.377E+02 -0.282E+02  0.260E+02 -0.184E+02  0.278E+02 -0.154E+02  0.315E+02
  1.785 -0.358E+02  0.377E+02 -0.280E+02  0.261E+02 -0.184E+02  0.278E+02 -0.154E+02  0.315E+02
  1.786 -0.356E+02  0.376E+02 -0.278E+02  0.261E+02 -0.184E+02  0.278E+02 -0.154E+02  0.314E+02
  1.787 -0.353E+02  0.376E+02 -0.277E+02  0.261E+02 -0.184E+02  0.278E+02 -0.154E+02  0.313E+02
  1.788 -0.351E+02  0.375E+02 -0.275E+02  0.261E+02 -0.183E+02  0.278E+02 -0.154E+02  0.313E+02
  1.789 -0.349E+02  0.375E+02 -0.274E+02  0.261E+02 -0.183E+02  0.278E+02 -0.154E+02  0.312E+02
  1.790 -0.346E+02  0.374E+02 -0.272E+02  0.261E+02 -0.183E+02  0.278E+02 -0.153E+02  0.312E+02
  1.791 -0.344E+02  0.374E+02 -0.271E+02  0.261E+02 -0.183E+02  0.278E+02 -0.153E+02  0.311E+02
  1.792 -0.342E+02  0.374E+02 -0.269E+02  0.261E+02 -0.182E+02  0.278E+02 -0.153E+02  0.311E+02
  1.793 -0.340E+02  0.373E+02 -0.268E+02  0.261E+02 -0.182E+02  0.278E+02 -0.153E+02  0.310E+02
  1.794 -0.337E+02  0.373E+02 -0.266E+02  0.261E+02 -0.182E+02  0.278E+02 -0.153E+02  0.309E+02
  1.795 -0.335E+02  0.372E+02 -0.265E+02  0.261E+02 -0.182E+02  0.278E+02 -0.153E+02  0.309E+02
  1.796 -0.333E+02  0.372E+02 -0.263E+02  0.262E+02 -0.181E+02  0.278E+02 -0.153E+02  0.308E+02
  1.797 -0.331E+02  0.371E+02 -0.262E+02  0.262E+02 -0.181E+02  0.278E+02 -0.153E+02  0.308E+02
  1.798 -0.329E+02  0.371E+02 -0.260E+02  0.262E+02 -0.181E+02  0.278E+02 -0.153E+02  0.307E+02
  1.799 -0.327E+02  0.370E+02 -0.259E+02  0.262E+02 -0.181E+02  0.278E+02 -0.153E+02  0.307E+02
  1.800 -0.325E+02  0.370E+02 -0.258E+02  0.262E+02 -0.180E+02  0.278E+02 -0.153E+02  0.306E+02
  1.801 -0.323E+02  0.369E+02 -0.256E+02  0.262E+02 -0.180E+02  0.278E+02 -0.153E+02  0.306E+02
  1.802 -0.321E+02  0.369E+02 -0.255E+02  0.262E+02 -0.180E+02  0.278E+02 -0.152E+02  0.305E+02
  1.803 -0.319E+02  0.368E+02 -0.253E+02  0.262E+02 -0.180E+02  0.278E+02 -0.152E+02  0.305E+02
  1.804 -0.317E+02  0.368E+02 -0.252E+02  0.262E+02 -0.179E+02  0.278E+02 -0.152E+02  0.304E+02
  1.805 -0.315E+02  0.368E+02 -0.251E+02  0.262E+02 -0.179E+02  0.278E+02 -0.152E+02  0.304E+02
  1.806 -0.313E+02  0.367E+02 -0.249E+02  0.262E+02 -0.179E+02  0.278E+02 -0.152E+02  0.303E+02
  1.807 -0.312E+02  0.367E+02 -0.248E+02  0.262E+02 -0.179E+02  0.278E+02 -0.152E+02  0.303E+02
  1.808 -0.310E+02  0.366E+02 -0.247E+02  0.262E+02 -0.178E+02  0.278E+02 -0.152E+02  0.303E+02
  1.809 -0.308E+02  0.366E+02 -0.245E+02  0.262E+02 -0.178E+02  0.278E+02 -0.152E+02  0.302E+02
  1.810 -0.306E+02  0.365E+02 -0.244E+02  0.262E+02 -0.178E+02  0.278E+02 -0.152E+02  0.302E+02
  1.811 -0.304E+02  0.365E+02 -0.243E+02  0.262E+02 -0.178E+02  0.278E+02 -0.152E+02  0.301E+02
  1.812 -0.303E+02  0.364E+02 -0.242E+02  0.262E+02 -0.177E+02  0.278E+02 -0.152E+02  0.301E+02
  1.813 -0.301E+02  0.364E+02 -0.240E+02  0.262E+02 -0.177E+02  0.278E+02 -0.152E+02  0.300E+02
  1.814 -0.299E+02  0.363E+02 -0.239E+02  0.262E+02 -0.177E+02  0.278E+02 -0.151E+02  0.300E+02
  1.815 -0.297E+02  0.363E+02 -0.238E+02  0.262E+02 -0.177E+02  0.278E+02 -0.151E+02  0.299E+02
  1.816 -0.296E+02  0.362E+02 -0.237E+02  0.261E+02 -0.176E+02  0.278E+02 -0.151E+02  0.299E+02
  1.817 -0.294E+02  0.362E+02 -0.235E+02  0.261E+02 -0.176E+02  0.278E+02 -0.151E+02  0.299E+02
  1.818 -0.293E+02  0.361E+02 -0.234E+02  0.261E+02 -0.176E+02  0.278E+02 -0.151E+02  0.298E+02
  1.819 -0.291E+02  0.361E+02 -0.233E+02  0.261E+02 -0.176E+02  0.278E+02 -0.151E+02  0.298E+02
  1.820 -0.289E+02  0.360E+02 -0.232E+02  0.261E+02 -0.175E+02  0.278E+02 -0.151E+02  0.297E+02
  1.821 -0.288E+02  0.360E+02 -0.230E+02  0.261E+02 -0.175E+02  0.278E+02 -0.151E+02  0.297E+02
  1.822 -0.286E+02  0.359E+02 -0.229E+02  0.261E+02 -0.175E+02  0.278E+02 -0.151E+02  0.297E+02
  1.823 -0.285E+02  0.359E+02 -0.228E+02  0.261E+02 -0.175E+02  0.278E+02 -0.151E+02  0.296E+02
  1.824 -0.283E+02  0.358E+02 -0.227E+02  0.261E+02 -0.174E+02  0.278E+02 -0.151E+02  0.296E+02
  1.825 -0.282E+02  0.358E+02 -0.226E+02  0.261E+02 -0.174E+02  0.278E+02 -0.150E+02  0.295E+02
  1.826 -0.280E+02  0.357E+02 -0.225E+02  0.261E+02 -0.174E+02  0.278E+02 -0.150E+02  0.295E+02
  1.827 -0.279E+02  0.357E+02 -0.223E+02  0.261E+02 -0.174E+02  0.278E+02 -0.150E+02  0.295E+02
  1.828 -0.277E+02  0.357E+02 -0.222E+02  0.261E+02 -0.173E+02  0.278E+02 -0.150E+02  0.294E+02
  1.829 -0.276E+02  0.356E+02 -0.221E+02  0.261E+02 -0.173E+02  0.278E+02 -0.150E+02  0.294E+02
  1.830 -0.274E+02  0.356E+02 -0.220E+02  0.261E+02 -0.173E+02  0.278E+02 -0.150E+02  0.293E+02
  1.831 -0.273E+02  0.355E+02 -0.219E+02  0.261E+02 -0.173E+02  0.278E+02 -0.150E+02  0.293E+02
  1.832 -0.272E+02  0.355E+02 -0.218E+02  0.261E+02 -0.172E+02  0.278E+02 -0.150E+02  0.293E+02
  1.833 -0.270E+02  0.354E+02 -0.217E+02  0.261E+02 -0.172E+02  0.278E+02 -0.150E+02  0.292E+02
  1.834 -0.269E+02  0.354E+02 -0.216E+02  0.260E+02 -0.172E+02  0.279E+02 -0.150E+02  0.292E+02
  1.835 -0.267E+02  0.353E+02 -0.215E+02  0.260E+02 -0.172E+02  0.279E+02 -0.150E+02  0.292E+02
  1.836 -0.266E+02  0.353E+02 -0.214E+02  0.260E+02 -0.171E+02  0.279E+02 -0.149E+02  0.291E+02
  1.837 -0.265E+02  0.352E+02 -0.213E+02  0.260E+02 -0.171E+02  0.279E+02 -0.149E+02  0.291E+02
  1.838 -0.264E+02  0.352E+02 -0.212E+02  0.260E+02 -0.171E+02  0.279E+02 -0.149E+02  0.291E+02
  1.839 -0.262E+02  0.352E+02 -0.211E+02  0.260E+02 -0.171E+02  0.279E+02 -0.149E+02  0.290E+02
  1.840 -0.261E+02  0.351E+02 -0.210E+02  0.260E+02 -0.170E+02  0.279E+02 -0.149E+02  0.290E+02
  1.841 -0.260E+02  0.351E+02 -0.209E+02  0.260E+02 -0.170E+02  0.279E+02 -0.149E+02  0.290E+02
  1.842 -0.258E+02  0.350E+02 -0.208E+02  0.260E+02 -0.170E+02  0.279E+02 -0.149E+02  0.289E+02
  1.843 -0.257E+02  0.350E+02 -0.207E+02  0.260E+02 -0.170E+02  0.279E+02 -0.149E+02  0.289E+02
  1.844 -0.256E+02  0.349E+02 -0.206E+02  0.260E+02 -0.169E+02  0.279E+02 -0.149E+02  0.289E+02
  1.845 -0.255E+02  0.349E+02 -0.205E+02  0.259E+02 -0.169E+02  0.279E+02 -0.149E+02  0.288E+02
  1.846 -0.254E+02  0.348E+02 -0.204E+02  0.259E+02 -0.169E+02  0.279E+02 -0.148E+02  0.288E+02
  1.847 -0.252E+02  0.348E+02 -0.203E+02  0.259E+02 -0.169E+02  0.279E+02 -0.148E+02  0.288E+02
  1.848 -0.251E+02  0.347E+02 -0.202E+02  0.259E+02 -0.168E+02  0.279E+02 -0.148E+02  0.287E+02
  1.849 -0.250E+02  0.347E+02 -0.201E+02  0.259E+02 -0.168E+02  0.279E+02 -0.148E+02  0.287E+02
  1.850 -0.249E+02  0.347E+02 -0.200E+02  0.259E+02 -0.168E+02  0.279E+02 -0.148E+02  0.287E+02
  1.851 -0.248E+02  0.346E+02 -0.199E+02  0.259E+02 -0.168E+02  0.279E+02 -0.148E+02  0.286E+02
  1.852 -0.247E+02  0.346E+02 -0.198E+02  0.259E+02 -0.167E+02  0.279E+02 -0.148E+02  0.286E+02
  1.853 -0.246E+02  0.345E+02 -0.197E+02  0.258E+02 -0.167E+02  0.279E+02 -0.148E+02  0.286E+02
  1.854 -0.244E+02  0.345E+02 -0.196E+02  0.258E+02 -0.167E+02  0.279E+02 -0.148E+02  0.286E+02
  1.855 -0.243E+02  0.344E+02 -0.195E+02  0.258E+02 -0.167E+02  0.279E+02 -0.147E+02  0.285E+02
  1.856 -0.242E+02  0.344E+02 -0.194E+02  0.258E+02 -0.166E+02  0.279E+02 -0.147E+02  0.285E+02
  1.857 -0.241E+02  0.343E+02 -0.193E+02  0.258E+02 -0.166E+02  0.279E+02 -0.147E+02  0.285E+02
  1.858 -0.240E+02  0.343E+02 -0.192E+02  0.258E+02 -0.166E+02  0.279E+02 -0.147E+02  0.284E+02
  1.859 -0.239E+02  0.343E+02 -0.191E+02  0.258E+02 -0.166E+02  0.279E+02 -0.147E+02  0.284E+02
  1.860 -0.238E+02  0.342E+02 -0.191E+02  0.258E+02 -0.165E+02  0.279E+02 -0.147E+02  0.284E+02
  1.861 -0.237E+02  0.342E+02 -0.190E+02  0.257E+02 -0.165E+02  0.279E+02 -0.147E+02  0.284E+02
  1.862 -0.236E+02  0.341E+02 -0.189E+02  0.257E+02 -0.165E+02  0.279E+02 -0.147E+02  0.283E+02
  1.863 -0.235E+02  0.341E+02 -0.188E+02  0.257E+02 -0.165E+02  0.279E+02 -0.146E+02  0.283E+02
  1.864 -0.234E+02  0.340E+02 -0.187E+02  0.257E+02 -0.164E+02  0.279E+02 -0.146E+02  0.283E+02
  1.865 -0.233E+02  0.340E+02 -0.186E+02  0.257E+02 -0.164E+02  0.280E+02 -0.146E+02  0.283E+02
  1.866 -0.232E+02  0.339E+02 -0.185E+02  0.257E+02 -0.164E+02  0.280E+02 -0.146E+02  0.282E+02
  1.867 -0.231E+02  0.339E+02 -0.184E+02  0.257E+02 -0.164E+02  0.280E+02 -0.146E+02  0.282E+02
  1.868 -0.230E+02  0.339E+02 -0.184E+02  0.256E+02 -0.163E+02  0.280E+02 -0.146E+02  0.282E+02
  1.869 -0.229E+02  0.338E+02 -0.183E+02  0.256E+02 -0.163E+02  0.280E+02 -0.146E+02  0.282E+02
  1.870 -0.228E+02  0.338E+02 -0.182E+02  0.256E+02 -0.163E+02  0.280E+02 -0.146E+02  0.281E+02
  1.871 -0.227E+02  0.337E+02 -0.181E+02  0.256E+02 -0.163E+02  0.280E+02 -0.146E+02  0.281E+02
  1.872 -0.226E+02  0.337E+02 -0.180E+02  0.256E+02 -0.162E+02  0.280E+02 -0.145E+02  0.281E+02
  1.873 -0.225E+02  0.336E+02 -0.179E+02  0.256E+02 -0.162E+02  0.280E+02 -0.145E+02  0.281E+02
  1.874 -0.224E+02  0.336E+02 -0.179E+02  0.256E+02 -0.162E+02  0.280E+02 -0.145E+02  0.280E+02
  1.875 -0.223E+02  0.335E+02 -0.178E+02  0.255E+02 -0.162E+02  0.280E+02 -0.145E+02  0.280E+02
  1.876 -0.222E+02  0.335E+02 -0.177E+02  0.255E+02 -0.161E+02  0.280E+02 -0.145E+02  0.280E+02
  1.877 -0.222E+02  0.335E+02 -0.176E+02  0.255E+02 -0.161E+02  0.280E+02 -0.145E+02  0.280E+02
  1.878 -0.221E+02  0.334E+02 -0.175E+02  0.255E+02 -0.161E+02  0.280E+02 -0.145E+02  0.279E+02
  1.879 -0.220E+02  0.334E+02 -0.175E+02  0.255E+02 -0.161E+02  0.280E+02 -0.145E+02  0.279E+02
  1.880 -0.219E+02  0.333E+02 -0.174E+02  0.255E+02 -0.160E+02  0.280E+02 -0.144E+02  0.279E+02
  1.881 -0.218E+02  0.333E+02 -0.173E+02  0.254E+02 -0.160E+02  0.280E+02 -0.144E+02  0.279E+02
  1.882 -0.217E+02  0.332E+02 -0.172E+02  0.254E+02 -0.160E+02  0.280E+02 -0.144E+02  0.278E+02
  1.883 -0.216E+02  0.332E+02 -0.172E+02  0.254E+02 -0.160E+02  0.280E+02 -0.144E+02  0.278E+02
  1.884 -0.215E+02  0.332E+02 -0.171E+02  0.254E+02 -0.159E+02  0.280E+02 -0.144E+02  0.278E+02
  1.885 -0.215E+02  0.331E+02 -0.170E+02  0.254E+02 -0.159E+02  0.280E+02 -0.144E+02  0.278E+02
  1.886 -0.214E+02  0.331E+02 -0.169E+02  0.254E+02 -0.159E+02  0.280E+02 -0.144E+02  0.278E+02
  1.887 -0.213E+02  0.330E+02 -0.168E+02  0.254E+02 -0.159E+02  0.280E+02 -0.143E+02  0.277E+02
  1.888 -0.212E+02  0.330E+02 -0.168E+02  0.253E+02 -0.158E+02  0.280E+02 -0.143E+02  0.277E+02
  1.889 -0.211E+02  0.329E+02 -0.167E+02  0.253E+02 -0.158E+02  0.280E+02 -0.143E+02  0.277E+02
  1.890 -0.210E+02  0.329E+02 -0.166E+02  0.253E+02 -0.158E+02  0.280E+02 -0.143E+02  0.277E+02
  1.891 -0.210E+02  0.329E+02 -0.165E+02  0.253E+02 -0.158E+02  0.280E+02 -0.143E+02  0.277E+02
  1.892 -0.209E+02  0.328E+02 -0.165E+02  0.253E+02 -0.157E+02  0.280E+02 -0.143E+02  0.276E+02
  1.893 -0.208E+02  0.328E+02 -0.164E+02  0.253E+02 -0.157E+02  0.281E+02 -0.143E+02  0.276E+02
  1.894 -0.207E+02  0.327E+02 -0.163E+02  0.252E+02 -0.157E+02  0.281E+02 -0.143E+02  0.276E+02
  1.895 -0.206E+02  0.327E+02 -0.163E+02  0.252E+02 -0.157E+02  0.281E+02 -0.142E+02  0.276E+02
  1.896 -0.206E+02  0.327E+02 -0.162E+02  0.252E+02 -0.156E+02  0.281E+02 -0.142E+02  0.276E+02
  1.897 -0.205E+02  0.326E+02 -0.161E+02  0.252E+02 -0.156E+02  0.281E+02 -0.142E+02  0.275E+02
  1.898 -0.204E+02  0.326E+02 -0.160E+02  0.252E+02 -0.156E+02  0.281E+02 -0.142E+02  0.275E+02
  1.899 -0.203E+02  0.325E+02 -0.160E+02  0.252E+02 -0.156E+02  0.281E+02 -0.142E+02  0.275E+02
  1.900 -0.203E+02  0.325E+02 -0.159E+02  0.251E+02 -0.155E+02  0.281E+02 -0.142E+02  0.275E+02
  1.901 -0.202E+02  0.325E+02 -0.158E+02  0.251E+02 -0.155E+02  0.281E+02 -0.142E+02  0.275E+02
  1.902 -0.201E+02  0.324E+02 -0.158E+02  0.251E+02 -0.155E+02  0.281E+02 -0.141E+02  0.274E+02
  1.903 -0.200E+02  0.324E+02 -0.157E+02  0.251E+02 -0.155E+02  0.281E+02 -0.141E+02  0.274E+02
  1.904 -0.200E+02  0.323E+02 -0.156E+02  0.251E+02 -0.154E+02  0.281E+02 -0.141E+02  0.274E+02
  1.905 -0.199E+02  0.323E+02 -0.156E+02  0.251E+02 -0.154E+02  0.281E+02 -0.141E+02  0.274E+02
  1.906 -0.198E+02  0.323E+02 -0.155E+02  0.250E+02 -0.154E+02  0.281E+02 -0.141E+02  0.274E+02
  1.907 -0.197E+02  0.322E+02 -0.154E+02  0.250E+02 -0.154E+02  0.281E+02 -0.141E+02  0.274E+02
  1.908 -0.197E+02  0.322E+02 -0.153E+02  0.250E+02 -0.153E+02  0.281E+02 -0.141E+02  0.273E+02
  1.909 -0.196E+02  0.321E+02 -0.153E+02  0.250E+02 -0.153E+02  0.281E+02 -0.140E+02  0.273E+02
  1.910 -0.195E+02  0.321E+02 -0.152E+02  0.250E+02 -0.153E+02  0.281E+02 -0.140E+02  0.273E+02
  1.911 -0.194E+02  0.321E+02 -0.151E+02  0.250E+02 -0.153E+02  0.281E+02 -0.140E+02  0.273E+02
  1.912 -0.194E+02  0.320E+02 -0.151E+02  0.249E+02 -0.152E+02  0.281E+02 -0.140E+02  0.273E+02
  1.913 -0.193E+02  0.320E+02 -0.150E+02  0.249E+02 -0.152E+02  0.281E+02 -0.140E+02  0.272E+02
  1.914 -0.192E+02  0.319E+02 -0.150E+02  0.249E+02 -0.152E+02  0.281E+02 -0.140E+02  0.272E+02
  1.915 -0.192E+02  0.319E+02 -0.149E+02  0.249E+02 -0.152E+02  0.281E+02 -0.140E+02  0.272E+02
  1.916 -0.191E+02  0.319E+02 -0.148E+02  0.249E+02 -0.152E+02  0.281E+02 -0.139E+02  0.272E+02
  1.917 -0.190E+02  0.318E+02 -0.148E+02  0.248E+02 -0.151E+02  0.281E+02 -0.139E+02  0.272E+02
  1.918 -0.190E+02  0.318E+02 -0.147E+02  0.248E+02 -0.151E+02  0.281E+02 -0.139E+02  0.272E+02
  1.919 -0.189E+02  0.317E+02 -0.146E+02  0.248E+02 -0.151E+02  0.281E+02 -0.139E+02  0.272E+02
  1.920 -0.188E+02  0.317E+02 -0.146E+02  0.248E+02 -0.151E+02  0.281E+02 -0.139E+02  0.271E+02
  1.921 -0.188E+02  0.317E+02 -0.145E+02  0.248E+02 -0.150E+02  0.281E+02 -0.139E+02  0.271E+02
  1.922 -0.187E+02  0.316E+02 -0.144E+02  0.248E+02 -0.150E+02  0.282E+02 -0.138E+02  0.271E+02
  1.923 -0.186E+02  0.316E+02 -0.144E+02  0.247E+02 -0.150E+02  0.282E+02 -0.138E+02  0.271E+02
  1.924 -0.186E+02  0.315E+02 -0.143E+02  0.247E+02 -0.150E+02  0.282E+02 -0.138E+02  0.271E+02
  1.925 -0.185E+02  0.315E+02 -0.143E+02  0.247E+02 -0.149E+02  0.282E+02 -0.138E+02  0.271E+02
  1.926 -0.184E+02  0.315E+02 -0.142E+02  0.247E+02 -0.149E+02  0.282E+02 -0.138E+02  0.270E+02
  1.927 -0.184E+02  0.314E+02 -0.141E+02  0.247E+02 -0.149E+02  0.282E+02 -0.138E+02  0.270E+02
  1.928 -0.183E+02  0.314E+02 -0.141E+02  0.247E+02 -0.149E+02  0.282E+02 -0.138E+02  0.270E+02
  1.929 -0.183E+02  0.314E+02 -0.140E+02  0.246E+02 -0.148E+02  0.282E+02 -0.137E+02  0.270E+02
  1.930 -0.182E+02  0.313E+02 -0.139E+02  0.246E+02 -0.148E+02  0.282E+02 -0.137E+02  0.270E+02
  1.931 -0.181E+02  0.313E+02 -0.139E+02  0.246E+02 -0.148E+02  0.282E+02 -0.137E+02  0.270E+02
  1.932 -0.181E+02  0.312E+02 -0.138E+02  0.246E+02 -0.148E+02  0.282E+02 -0.137E+02  0.270E+02
  1.933 -0.180E+02  0.312E+02 -0.138E+02  0.246E+02 -0.147E+02  0.282E+02 -0.137E+02  0.269E+02
  1.934 -0.179E+02  0.312E+02 -0.137E+02  0.246E+02 -0.147E+02  0.282E+02 -0.137E+02  0.269E+02
  1.935 -0.179E+02  0.311E+02 -0.137E+02  0.245E+02 -0.147E+02  0.282E+02 -0.136E+02  0.269E+02
  1.936 -0.178E+02  0.311E+02 -0.136E+02  0.245E+02 -0.147E+02  0.282E+02 -0.136E+02  0.269E+02
  1.937 -0.178E+02  0.311E+02 -0.135E+02  0.245E+02 -0.146E+02  0.282E+02 -0.136E+02  0.269E+02
  1.938 -0.177E+02  0.310E+02 -0.135E+02  0.245E+02 -0.146E+02  0.282E+02 -0.136E+02  0.269E+02
  1.939 -0.176E+02  0.310E+02 -0.134E+02  0.245E+02 -0.146E+02  0.282E+02 -0.136E+02  0.269E+02
  1.940 -0.176E+02  0.310E+02 -0.134E+02  0.244E+02 -0.146E+02  0.282E+02 -0.136E+02  0.268E+02
  1.941 -0.175E+02  0.309E+02 -0.133E+02  0.244E+02 -0.145E+02  0.282E+02 -0.135E+02  0.268E+02
  1.942 -0.175E+02  0.309E+02 -0.132E+02  0.244E+02 -0.145E+02  0.282E+02 -0.135E+02  0.268E+02
  1.943 -0.174E+02  0.308E+02 -0.132E+02  0.244E+02 -0.145E+02  0.282E+02 -0.135E+02  0.268E+02
  1.944 -0.174E+02  0.308E+02 -0.131E+02  0.244E+02 -0.145E+02  0.282E+02 -0.135E+02  0.268E+02
  1.945 -0.173E+02  0.308E+02 -0.131E+02  0.244E+02 -0.144E+02  0.282E+02 -0.135E+02  0.268E+02
  1.946 -0.172E+02  0.307E+02 -0.130E+02  0.243E+02 -0.144E+02  0.282E+02 -0.135E+02  0.268E+02
  1.947 -0.172E+02  0.307E+02 -0.130E+02  0.243E+02 -0.144E+02  0.282E+02 -0.134E+02  0.268E+02
  1.948 -0.171E+02  0.307E+02 -0.129E+02  0.243E+02 -0.144E+02  0.282E+02 -0.134E+02  0.267E+02
  1.949 -0.171E+02  0.306E+02 -0.129E+02  0.243E+02 -0.143E+02  0.282E+02 -0.134E+02  0.267E+02
  1.950 -0.170E+02  0.306E+02 -0.128E+02  0.243E+02 -0.143E+02  0.282E+02 -0.134E+02  0.267E+02
  1.951 -0.170E+02  0.306E+02 -0.127E+02  0.243E+02 -0.143E+02  0.282E+02 -0.134E+02  0.267E+02
  1.952 -0.169E+02  0.305E+02 -0.127E+02  0.242E+02 -0.143E+02  0.282E+02 -0.134E+02  0.267E+02
  1.953 -0.168E+02  0.305E+02 -0.126E+02  0.242E+02 -0.142E+02  0.282E+02 -0.134E+02  0.267E+02
  1.954 -0.168E+02  0.305E+02 -0.126E+02  0.242E+02 -0.142E+02  0.282E+02 -0.133E+02  0.267E+02
  1.955 -0.167E+02  0.304E+02 -0.125E+02  0.242E+02 -0.142E+02  0.283E+02 -0.133E+02  0.267E+02
  1.956 -0.167E+02  0.304E+02 -0.125E+02  0.242E+02 -0.142E+02  0.283E+02 -0.133E+02  0.266E+02
  1.957 -0.166E+02  0.303E+02 -0.124E+02  0.242E+02 -0.141E+02  0.283E+02 -0.133E+02  0.266E+02
  1.958 -0.166E+02  0.303E+02 -0.124E+02  0.241E+02 -0.141E+02  0.283E+02 -0.133E+02  0.266E+02
  1.959 -0.165E+02  0.303E+02 -0.123E+02  0.241E+02 -0.141E+02  0.283E+02 -0.133E+02  0.266E+02
  1.960 -0.165E+02  0.302E+02 -0.123E+02  0.241E+02 -0.141E+02  0.283E+02 -0.132E+02  0.266E+02
  1.961 -0.164E+02  0.302E+02 -0.122E+02  0.241E+02 -0.140E+02  0.283E+02 -0.132E+02  0.266E+02
  1.962 -0.164E+02  0.302E+02 -0.122E+02  0.241E+02 -0.140E+02  0.283E+02 -0.132E+02  0.266E+02
  1.963 -0.163E+02  0.301E+02 -0.121E+02  0.240E+02 -0.140E+02  0.283E+02 -0.132E+02  0.266E+02
  1.964 -0.163E+02  0.301E+02 -0.121E+02  0.240E+02 -0.140E+02  0.283E+02 -0.132E+02  0.265E+02
  1.965 -0.162E+02  0.301E+02 -0.120E+02  0.240E+02 -0.139E+02  0.283E+02 -0.131E+02  0.265E+02
  1.966 -0.162E+02  0.300E+02 -0.120E+02  0.240E+02 -0.139E+02  0.283E+02 -0.131E+02  0.265E+02
  1.967 -0.161E+02  0.300E+02 -0.119E+02  0.240E+02 -0.139E+02  0.283E+02 -0.131E+02  0.265E+02
  1.968 -0.161E+02  0.300E+02 -0.119E+02  0.240E+02 -0.139E+02  0.283E+02 -0.131E+02  0.265E+02
  1.969 -0.160E+02  0.299E+02 -0.118E+02  0.239E+02 -0.138E+02  0.283E+02 -0.131E+02  0.265E+02
  1.970 -0.160E+02  0.299E+02 -0.118E+02  0.239E+02 -0.138E+02  0.283E+02 -0.131E+02  0.265E+02
  1.971 -0.159E+02  0.299E+02 -0.117E+02  0.239E+02 -0.138E+02  0.283E+02 -0.130E+02  0.265E+02
  1.972 -0.159E+02  0.298E+02 -0.117E+02  0.239E+02 -0.138E+02  0.283E+02 -0.130E+02  0.265E+02
  1.973 -0.158E+02  0.298E+02 -0.116E+02  0.239E+02 -0.137E+02  0.283E+02 -0.130E+02  0.264E+02
  1.974 -0.158E+02  0.298E+02 -0.116E+02  0.239E+02 -0.137E+02  0.283E+02 -0.130E+02  0.264E+02
  1.975 -0.157E+02  0.297E+02 -0.115E+02  0.238E+02 -0.137E+02  0.283E+02 -0.130E+02  0.264E+02
  1.976 -0.157E+02  0.297E+02 -0.115E+02  0.238E+02 -0.137E+02  0.283E+02 -0.130E+02  0.264E+02
  1.977 -0.156E+02  0.297E+02 -0.114E+02  0.238E+02 -0.137E+02  0.283E+02 -0.129E+02  0.264E+02
  1.978 -0.156E+02  0.296E+02 -0.114E+02  0.238E+02 -0.136E+02  0.283E+02 -0.129E+02  0.264E+02
  1.979 -0.155E+02  0.296E+02 -0.113E+02  0.238E+02 -0.136E+02  0.283E+02 -0.129E+02  0.264E+02
  1.980 -0.155E+02  0.296E+02 -0.113E+02  0.238E+02 -0.136E+02  0.283E+02 -0.129E+02  0.264E+02
  1.981 -0.154E+02  0.295E+02 -0.112E+02  0.237E+02 -0.136E+02  0.283E+02 -0.129E+02  0.264E+02
  1.982 -0.154E+02  0.295E+02 -0.112E+02  0.237E+02 -0.135E+02  0.283E+02 -0.129E+02  0.264E+02
  1.983 -0.153E+02  0.295E+02 -0.111E+02  0.237E+02 -0.135E+02  0.283E+02 -0.128E+02  0.263E+02
  1.984 -0.153E+02  0.294E+02 -0.111E+02  0.237E+02 -0.135E+02  0.283E+02 -0.128E+02  0.263E+02
  1.985 -0.152E+02  0.294E+02 -0.110E+02  0.237E+02 -0.135E+02  0.283E+02 -0.128E+02  0.263E+02
  1.986 -0.152E+02  0.294E+02 -0.110E+02  0.237E+02 -0.134E+02  0.283E+02 -0.128E+02  0.263E+02
  1.987 -0.151E+02  0.293E+02 -0.109E+02  0.236E+02 -0.134E+02  0.283E+02 -0.128E+02  0.263E+02
  1.988 -0.151E+02  0.293E+02 -0.109E+02  0.236E+02 -0.134E+02  0.283E+02 -0.128E+02  0.263E+02
  1.989 -0.151E+02  0.293E+02 -0.109E+02  0.236E+02 -0.134E+02  0.283E+02 -0.127E+02  0.263E+02
  1.990 -0.150E+02  0.292E+02 -0.108E+02  0.236E+02 -0.133E+02  0.283E+02 -0.127E+02  0.263E+02
  1.991 -0.150E+02  0.292E+02 -0.108E+02  0.236E+02 -0.133E+02  0.283E+02 -0.127E+02  0.263E+02
  1.992 -0.149E+02  0.292E+02 -0.107E+02  0.236E+02 -0.133E+02  0.283E+02 -0.127E+02  0.263E+02
  1.993 -0.149E+02  0.292E+02 -0.107E+02  0.235E+02 -0.133E+02  0.283E+02 -0.127E+02  0.263E+02
  1.994 -0.148E+02  0.291E+02 -0.106E+02  0.235E+02 -0.132E+02  0.283E+02 -0.126E+02  0.262E+02
  1.995 -0.148E+02  0.291E+02 -0.106E+02  0.235E+02 -0.132E+02  0.283E+02 -0.126E+02  0.262E+02
  1.996 -0.147E+02  0.291E+02 -0.105E+02  0.235E+02 -0.132E+02  0.283E+02 -0.126E+02  0.262E+02
  1.997 -0.147E+02  0.290E+02 -0.105E+02  0.235E+02 -0.132E+02  0.283E+02 -0.126E+02  0.262E+02
  1.998 -0.147E+02  0.290E+02 -0.105E+02  0.235E+02 -0.131E+02  0.283E+02 -0.126E+02  0.262E+02
  1.999 -0.146E+02  0.290E+02 -0.104E+02  0.234E+02 -0.131E+02  0.283E+02 -0.126E+02  0.262E+02
  2.000 -0.146E+02  0.289E+02 -0.104E+02  0.234E+02 -0.131E+02  0.283E+02 -0.125E+02  0.262E+02
  2.001 -0.145E+02  0.289E+02 -0.103E+02  0.234E+02 -0.131E+02  0.283E+02 -0.125E+02  0.262E+02
  2.002 -0.145E+02  0.289E+02 -0.103E+02  0.234E+02 -0.130E+02  0.284E+02 -0.125E+02  0.262E+02
  2.003 -0.144E+02  0.288E+02 -0.102E+02  0.234E+02 -0.130E+02  0.284E+02 -0.125E+02  0.262E+02
  2.004 -0.144E+02  0.288E+02 -0.102E+02  0.234E+02 -0.130E+02  0.284E+02 -0.125E+02  0.261E+02
  2.005 -0.144E+02  0.288E+02 -0.101E+02  0.234E+02 -0.130E+02  0.284E+02 -0.125E+02  0.261E+02
  2.006 -0.143E+02  0.287E+02 -0.101E+02  0.233E+02 -0.129E+02  0.284E+02 -0.124E+02  0.261E+02
  2.007 -0.143E+02  0.287E+02 -0.101E+02  0.233E+02 -0.129E+02  0.284E+02 -0.124E+02  0.261E+02
  2.008 -0.142E+02  0.287E+02 -0.100E+02  0.233E+02 -0.129E+02  0.284E+02 -0.124E+02  0.261E+02
  2.009 -0.142E+02  0.287E+02 -0.998E+01  0.233E+02 -0.129E+02  0.284E+02 -0.124E+02  0.261E+02
  2.010 -0.141E+02  0.286E+02 -0.994E+01  0.233E+02 -0.129E+02  0.284E+02 -0.124E+02  0.261E+02
  2.011 -0.141E+02  0.286E+02 -0.990E+01  0.233E+02 -0.128E+02  0.284E+02 -0.123E+02  0.261E+02
  2.012 -0.141E+02  0.286E+02 -0.986E+01  0.232E+02 -0.128E+02  0.284E+02 -0.123E+02  0.261E+02
  2.013 -0.140E+02  0.285E+02 -0.982E+01  0.232E+02 -0.128E+02  0.284E+02 -0.123E+02  0.261E+02
  2.014 -0.140E+02  0.285E+02 -0.978E+01  0.232E+02 -0.128E+02  0.284E+02 -0.123E+02  0.261E+02
  2.015 -0.139E+02  0.285E+02 -0.973E+01  0.232E+02 -0.127E+02  0.284E+02 -0.123E+02  0.261E+02
  2.016 -0.139E+02  0.284E+02 -0.969E+01  0.232E+02 -0.127E+02  0.284E+02 -0.123E+02  0.260E+02
  2.017 -0.139E+02  0.284E+02 -0.965E+01  0.232E+02 -0.127E+02  0.284E+02 -0.122E+02  0.260E+02
  2.018 -0.138E+02  0.284E+02 -0.961E+01  0.231E+02 -0.127E+02  0.284E+02 -0.122E+02  0.260E+02
  2.019 -0.138E+02  0.284E+02 -0.957E+01  0.231E+02 -0.126E+02  0.284E+02 -0.122E+02  0.260E+02
  2.020 -0.137E+02  0.283E+02 -0.953E+01  0.231E+02 -0.126E+02  0.284E+02 -0.122E+02  0.260E+02
  2.021 -0.137E+02  0.283E+02 -0.949E+01  0.231E+02 -0.126E+02  0.284E+02 -0.122E+02  0.260E+02
  2.022 -0.137E+02  0.283E+02 -0.945E+01  0.231E+02 -0.126E+02  0.284E+02 -0.121E+02  0.260E+02
  2.023 -0.136E+02  0.282E+02 -0.942E+01  0.231E+02 -0.125E+02  0.284E+02 -0.121E+02  0.260E+02
  2.024 -0.136E+02  0.282E+02 -0.938E+01  0.231E+02 -0.125E+02  0.284E+02 -0.121E+02  0.260E+02
  2.025 -0.135E+02  0.282E+02 -0.934E+01  0.230E+02 -0.125E+02  0.284E+02 -0.121E+02  0.260E+02
  2.026 -0.135E+02  0.282E+02 -0.930E+01  0.230E+02 -0.125E+02  0.284E+02 -0.121E+02  0.260E+02
  2.027 -0.135E+02  0.281E+02 -0.926E+01  0.230E+02 -0.124E+02  0.284E+02 -0.121E+02  0.260E+02
  2.028 -0.134E+02  0.281E+02 -0.922E+01  0.230E+02 -0.124E+02  0.284E+02 -0.120E+02  0.259E+02
  2.029 -0.134E+02  0.281E+02 -0.918E+01  0.230E+02 -0.124E+02  0.284E+02 -0.120E+02  0.259E+02
  2.030 -0.134E+02  0.280E+02 -0.915E+01  0.230E+02 -0.124E+02  0.284E+02 -0.120E+02  0.259E+02
  2.031 -0.133E+02  0.280E+02 -0.911E+01  0.229E+02 -0.123E+02  0.284E+02 -0.120E+02  0.259E+02
  2.032 -0.133E+02  0.280E+02 -0.907E+01  0.229E+02 -0.123E+02  0.284E+02 -0.120E+02  0.259E+02
  2.033 -0.132E+02  0.279E+02 -0.903E+01  0.229E+02 -0.123E+02  0.284E+02 -0.120E+02  0.259E+02
  2.034 -0.132E+02  0.279E+02 -0.899E+01  0.229E+02 -0.123E+02  0.284E+02 -0.119E+02  0.259E+02
  2.035 -0.132E+02  0.279E+02 -0.896E+01  0.229E+02 -0.123E+02  0.284E+02 -0.119E+02  0.259E+02
  2.036 -0.131E+02  0.279E+02 -0.892E+01  0.229E+02 -0.122E+02  0.284E+02 -0.119E+02  0.259E+02
  2.037 -0.131E+02  0.278E+02 -0.888E+01  0.229E+02 -0.122E+02  0.284E+02 -0.119E+02  0.259E+02
  2.038 -0.131E+02  0.278E+02 -0.885E+01  0.228E+02 -0.122E+02  0.284E+02 -0.119E+02  0.259E+02
  2.039 -0.130E+02  0.278E+02 -0.881E+01  0.228E+02 -0.122E+02  0.284E+02 -0.118E+02  0.259E+02
  2.040 -0.130E+02  0.278E+02 -0.877E+01  0.228E+02 -0.121E+02  0.284E+02 -0.118E+02  0.259E+02
  2.041 -0.130E+02  0.277E+02 -0.874E+01  0.228E+02 -0.121E+02  0.284E+02 -0.118E+02  0.258E+02
  2.042 -0.129E+02  0.277E+02 -0.870E+01  0.228E+02 -0.121E+02  0.284E+02 -0.118E+02  0.258E+02
  2.043 -0.129E+02  0.277E+02 -0.867E+01  0.228E+02 -0.121E+02  0.284E+02 -0.118E+02  0.258E+02
  2.044 -0.128E+02  0.276E+02 -0.863E+01  0.228E+02 -0.120E+02  0.284E+02 -0.118E+02  0.258E+02
  2.045 -0.128E+02  0.276E+02 -0.859E+01  0.227E+02 -0.120E+02  0.284E+02 -0.117E+02  0.258E+02
  2.046 -0.128E+02  0.276E+02 -0.856E+01  0.227E+02 -0.120E+02  0.284E+02 -0.117E+02  0.258E+02
  2.047 -0.127E+02  0.276E+02 -0.852E+01  0.227E+02 -0.120E+02  0.284E+02 -0.117E+02  0.258E+02
  2.048 -0.127E+02  0.275E+02 -0.849E+01  0.227E+02 -0.119E+02  0.284E+02 -0.117E+02  0.258E+02
  2.049 -0.127E+02  0.275E+02 -0.845E+01  0.227E+02 -0.119E+02  0.284E+02 -0.117E+02  0.258E+02
  2.050 -0.126E+02  0.275E+02 -0.842E+01  0.227E+02 -0.119E+02  0.284E+02 -0.116E+02  0.258E+02
  2.051 -0.126E+02  0.274E+02 -0.838E+01  0.227E+02 -0.119E+02  0.284E+02 -0.116E+02  0.258E+02
  2.052 -0.126E+02  0.274E+02 -0.835E+01  0.226E+02 -0.119E+02  0.284E+02 -0.116E+02  0.258E+02
  2.053 -0.125E+02  0.274E+02 -0.831E+01  0.226E+02 -0.118E+02  0.284E+02 -0.116E+02  0.258E+02
  2.054 -0.125E+02  0.274E+02 -0.828E+01  0.226E+02 -0.118E+02  0.284E+02 -0.116E+02  0.258E+02
  2.055 -0.125E+02  0.273E+02 -0.825E+01  0.226E+02 -0.118E+02  0.284E+02 -0.116E+02  0.257E+02
  2.056 -0.124E+02  0.273E+02 -0.821E+01  0.226E+02 -0.118E+02  0.284E+02 -0.115E+02  0.257E+02
  2.057 -0.124E+02  0.273E+02 -0.818E+01  0.226E+02 -0.117E+02  0.284E+02 -0.115E+02  0.257E+02
  2.058 -0.124E+02  0.273E+02 -0.814E+01  0.226E+02 -0.117E+02  0.284E+02 -0.115E+02  0.257E+02
  2.059 -0.123E+02  0.272E+02 -0.811E+01  0.225E+02 -0.117E+02  0.284E+02 -0.115E+02  0.257E+02
  2.060 -0.123E+02  0.272E+02 -0.808E+01  0.225E+02 -0.117E+02  0.284E+02 -0.115E+02  0.257E+02
  2.061 -0.123E+02  0.272E+02 -0.804E+01  0.225E+02 -0.116E+02  0.284E+02 -0.114E+02  0.257E+02
  2.062 -0.122E+02  0.271E+02 -0.801E+01  0.225E+02 -0.116E+02  0.284E+02 -0.114E+02  0.257E+02
  2.063 -0.122E+02  0.271E+02 -0.798E+01  0.225E+02 -0.116E+02  0.284E+02 -0.114E+02  0.257E+02
  2.064 -0.122E+02  0.271E+02 -0.795E+01  0.225E+02 -0.116E+02  0.284E+02 -0.114E+02  0.257E+02
  2.065 -0.121E+02  0.271E+02 -0.791E+01  0.225E+02 -0.116E+02  0.284E+02 -0.114E+02  0.257E+02
  2.066 -0.121E+02  0.270E+02 -0.788E+01  0.224E+02 -0.115E+02  0.284E+02 -0.114E+02  0.257E+02
  2.067 -0.121E+02  0.270E+02 -0.785E+01  0.224E+02 -0.115E+02  0.284E+02 -0.113E+02  0.257E+02
  2.068 -0.120E+02  0.270E+02 -0.782E+01  0.224E+02 -0.115E+02  0.284E+02 -0.113E+02  0.257E+02
  2.069 -0.120E+02  0.270E+02 -0.778E+01  0.224E+02 -0.115E+02  0.284E+02 -0.113E+02  0.257E+02
  2.070 -0.120E+02  0.269E+02 -0.775E+01  0.224E+02 -0.114E+02  0.284E+02 -0.113E+02  0.256E+02
  2.071 -0.119E+02  0.269E+02 -0.772E+01  0.224E+02 -0.114E+02  0.284E+02 -0.113E+02  0.256E+02
  2.072 -0.119E+02  0.269E+02 -0.769E+01  0.224E+02 -0.114E+02  0.284E+02 -0.112E+02  0.256E+02
  2.073 -0.119E+02  0.269E+02 -0.766E+01  0.223E+02 -0.114E+02  0.284E+02 -0.112E+02  0.256E+02
  2.074 -0.118E+02  0.268E+02 -0.763E+01  0.223E+02 -0.113E+02  0.284E+02 -0.112E+02  0.256E+02
  2.075 -0.118E+02  0.268E+02 -0.759E+01  0.223E+02 -0.113E+02  0.284E+02 -0.112E+02  0.256E+02
  2.076 -0.118E+02  0.268E+02 -0.756E+01  0.223E+02 -0.113E+02  0.284E+02 -0.112E+02  0.256E+02
  2.077 -0.117E+02  0.267E+02 -0.753E+01  0.223E+02 -0.113E+02  0.284E+02 -0.112E+02  0.256E+02
  2.078 -0.117E+02  0.267E+02 -0.750E+01  0.223E+02 -0.112E+02  0.284E+02 -0.111E+02  0.256E+02
